{"C:\\Users\\Joao Marrocos\\Desktop\\api-restful-vlab\\biblioteca-api\\backend\\src\\app.controller.ts": {"path":"C:\\Users\\Joao Marrocos\\Desktop\\api-restful-vlab\\biblioteca-api\\backend\\src\\app.controller.ts","statementMap":{"0":{"start":{"line":1,"column":0},"end":{"line":1,"column":49}},"1":{"start":{"line":2,"column":0},"end":{"line":2,"column":43}},"2":{"start":{"line":5,"column":7},"end":{"line":12,"column":null}},"3":{"start":{"line":6,"column":31},"end":{"line":6,"column":43}},"4":{"start":{"line":10,"column":4},"end":{"line":10,"column":38}},"5":{"start":{"line":5,"column":13},"end":{"line":5,"column":26}},"6":{"start":{"line":9,"column":2},"end":{"line":11,"column":null}},"7":{"start":{"line":5,"column":13},"end":{"line":12,"column":null}}},"fnMap":{"0":{"name":"(anonymous_2)","decl":{"start":{"line":6,"column":2},"end":{"line":6,"column":31}},"loc":{"start":{"line":6,"column":53},"end":{"line":6,"column":57}}},"1":{"name":"(anonymous_3)","decl":{"start":{"line":9,"column":2},"end":{"line":9,"column":10}},"loc":{"start":{"line":9,"column":10},"end":{"line":11,"column":3}}}},"branchMap":{"0":{"loc":{"start":{"line":6,"column":43},"end":{"line":6,"column":56}},"type":"cond-expr","locations":[{"start":{"line":6,"column":53},"end":{"line":6,"column":56}},{"start":{"line":6,"column":53},"end":{"line":6,"column":56}}]},"1":{"loc":{"start":{"line":6,"column":43},"end":{"line":6,"column":53}},"type":"binary-expr","locations":[{"start":{"line":6,"column":43},"end":{"line":6,"column":56}},{"start":{"line":6,"column":43},"end":{"line":6,"column":53}}]}},"s":{"0":1,"1":1,"2":1,"3":1,"4":1,"5":1,"6":1,"7":1},"f":{"0":1,"1":1},"b":{"0":[1,0],"1":[1,1]}}
,"C:\\Users\\Joao Marrocos\\Desktop\\api-restful-vlab\\biblioteca-api\\backend\\src\\app.module.ts": {"path":"C:\\Users\\Joao Marrocos\\Desktop\\api-restful-vlab\\biblioteca-api\\backend\\src\\app.module.ts","statementMap":{"0":{"start":{"line":1,"column":0},"end":{"line":1,"column":40}},"1":{"start":{"line":2,"column":0},"end":{"line":2,"column":61}},"2":{"start":{"line":3,"column":0},"end":{"line":3,"column":48}},"3":{"start":{"line":4,"column":0},"end":{"line":4,"column":48}},"4":{"start":{"line":5,"column":0},"end":{"line":5,"column":57}},"5":{"start":{"line":6,"column":0},"end":{"line":6,"column":51}},"6":{"start":{"line":7,"column":0},"end":{"line":7,"column":60}},"7":{"start":{"line":8,"column":0},"end":{"line":8,"column":48}},"8":{"start":{"line":9,"column":0},"end":{"line":9,"column":66}},"9":{"start":{"line":10,"column":0},"end":{"line":10,"column":28}},"10":{"start":{"line":47,"column":7},"end":{"line":47,"column":null}},"11":{"start":{"line":47,"column":13},"end":{"line":47,"column":22}},"12":{"start":{"line":47,"column":13},"end":{"line":47,"column":null}},"13":{"start":{"line":21,"column":53},"end":{"line":30,"column":8}}},"fnMap":{"0":{"name":"(anonymous_1)","decl":{"start":{"line":21,"column":18},"end":{"line":21,"column":19}},"loc":{"start":{"line":21,"column":53},"end":{"line":30,"column":8}}}},"branchMap":{},"s":{"0":0,"1":0,"2":0,"3":0,"4":0,"5":0,"6":0,"7":0,"8":0,"9":0,"10":0,"11":0,"12":0,"13":0},"f":{"0":0},"b":{}}
,"C:\\Users\\Joao Marrocos\\Desktop\\api-restful-vlab\\biblioteca-api\\backend\\src\\app.service.ts": {"path":"C:\\Users\\Joao Marrocos\\Desktop\\api-restful-vlab\\biblioteca-api\\backend\\src\\app.service.ts","statementMap":{"0":{"start":{"line":1,"column":0},"end":{"line":1,"column":44}},"1":{"start":{"line":4,"column":7},"end":{"line":8,"column":null}},"2":{"start":{"line":6,"column":4},"end":{"line":6,"column":26}},"3":{"start":{"line":4,"column":13},"end":{"line":4,"column":23}},"4":{"start":{"line":4,"column":13},"end":{"line":8,"column":null}}},"fnMap":{"0":{"name":"(anonymous_1)","decl":{"start":{"line":5,"column":2},"end":{"line":5,"column":10}},"loc":{"start":{"line":5,"column":10},"end":{"line":7,"column":3}}}},"branchMap":{},"s":{"0":1,"1":1,"2":1,"3":1,"4":1},"f":{"0":1},"b":{}}
,"C:\\Users\\Joao Marrocos\\Desktop\\api-restful-vlab\\biblioteca-api\\backend\\src\\main.ts": {"path":"C:\\Users\\Joao Marrocos\\Desktop\\api-restful-vlab\\biblioteca-api\\backend\\src\\main.ts","statementMap":{"0":{"start":{"line":1,"column":0},"end":{"line":1,"column":43}},"1":{"start":{"line":2,"column":0},"end":{"line":2,"column":41}},"2":{"start":{"line":3,"column":0},"end":{"line":3,"column":48}},"3":{"start":{"line":4,"column":0},"end":{"line":4,"column":65}},"4":{"start":{"line":7,"column":14},"end":{"line":7,"column":49}},"5":{"start":{"line":9,"column":2},"end":{"line":9,"column":29}},"6":{"start":{"line":11,"column":2},"end":{"line":17,"column":4}},"7":{"start":{"line":19,"column":17},"end":{"line":23,"column":12}},"8":{"start":{"line":25,"column":19},"end":{"line":25,"column":60}},"9":{"start":{"line":27,"column":2},"end":{"line":27,"column":49}},"10":{"start":{"line":29,"column":2},"end":{"line":29,"column":25}},"11":{"start":{"line":31,"column":0},"end":{"line":31,"column":12}}},"fnMap":{"0":{"name":"bootstrap","decl":{"start":{"line":6,"column":15},"end":{"line":6,"column":24}},"loc":{"start":{"line":6,"column":24},"end":{"line":30,"column":1}}}},"branchMap":{},"s":{"0":0,"1":0,"2":0,"3":0,"4":0,"5":0,"6":0,"7":0,"8":0,"9":0,"10":0,"11":0},"f":{"0":0},"b":{}}
,"C:\\Users\\Joao Marrocos\\Desktop\\api-restful-vlab\\biblioteca-api\\backend\\src\\auth\\auth.controller.ts": {"path":"C:\\Users\\Joao Marrocos\\Desktop\\api-restful-vlab\\biblioteca-api\\backend\\src\\auth\\auth.controller.ts","statementMap":{"0":{"start":{"line":1,"column":0},"end":{"line":1,"column":78}},"1":{"start":{"line":2,"column":0},"end":{"line":2,"column":45}},"2":{"start":{"line":3,"column":0},"end":{"line":3,"column":69}},"3":{"start":{"line":4,"column":0},"end":{"line":4,"column":43}},"4":{"start":{"line":7,"column":7},"end":{"line":21,"column":null}},"5":{"start":{"line":8,"column":31},"end":{"line":8,"column":44}},"6":{"start":{"line":13,"column":4},"end":{"line":13,"column":55}},"7":{"start":{"line":19,"column":4},"end":{"line":19,"column":44}},"8":{"start":{"line":7,"column":13},"end":{"line":7,"column":27}},"9":{"start":{"line":12,"column":2},"end":{"line":14,"column":null}},"10":{"start":{"line":18,"column":2},"end":{"line":20,"column":null}},"11":{"start":{"line":7,"column":13},"end":{"line":21,"column":null}}},"fnMap":{"0":{"name":"(anonymous_4)","decl":{"start":{"line":8,"column":2},"end":{"line":8,"column":31}},"loc":{"start":{"line":8,"column":55},"end":{"line":8,"column":59}}},"1":{"name":"(anonymous_5)","decl":{"start":{"line":12,"column":2},"end":{"line":12,"column":10}},"loc":{"start":{"line":12,"column":53},"end":{"line":14,"column":3}}},"2":{"name":"(anonymous_6)","decl":{"start":{"line":18,"column":2},"end":{"line":18,"column":7}},"loc":{"start":{"line":18,"column":34},"end":{"line":20,"column":3}}}},"branchMap":{"0":{"loc":{"start":{"line":12,"column":37},"end":{"line":12,"column":null}},"type":"cond-expr","locations":[{"start":{"line":12,"column":53},"end":{"line":12,"column":null}},{"start":{"line":12,"column":53},"end":{"line":12,"column":null}}]},"1":{"loc":{"start":{"line":12,"column":37},"end":{"line":12,"column":53}},"type":"binary-expr","locations":[{"start":{"line":12,"column":37},"end":{"line":12,"column":null}},{"start":{"line":12,"column":37},"end":{"line":12,"column":53}}]},"2":{"loc":{"start":{"line":18,"column":26},"end":{"line":18,"column":null}},"type":"cond-expr","locations":[{"start":{"line":18,"column":34},"end":{"line":18,"column":null}},{"start":{"line":18,"column":34},"end":{"line":18,"column":null}}]},"3":{"loc":{"start":{"line":18,"column":26},"end":{"line":18,"column":34}},"type":"binary-expr","locations":[{"start":{"line":18,"column":26},"end":{"line":18,"column":null}},{"start":{"line":18,"column":26},"end":{"line":18,"column":34}}]},"4":{"loc":{"start":{"line":8,"column":44},"end":{"line":8,"column":58}},"type":"cond-expr","locations":[{"start":{"line":8,"column":55},"end":{"line":8,"column":58}},{"start":{"line":8,"column":55},"end":{"line":8,"column":58}}]},"5":{"loc":{"start":{"line":8,"column":44},"end":{"line":8,"column":55}},"type":"binary-expr","locations":[{"start":{"line":8,"column":44},"end":{"line":8,"column":58}},{"start":{"line":8,"column":44},"end":{"line":8,"column":55}}]}},"s":{"0":1,"1":1,"2":1,"3":1,"4":1,"5":3,"6":1,"7":1,"8":1,"9":1,"10":1,"11":1},"f":{"0":3,"1":1,"2":1},"b":{"0":[1,0],"1":[1,1],"2":[1,0],"3":[1,1],"4":[1,0],"5":[1,1]}}
,"C:\\Users\\Joao Marrocos\\Desktop\\api-restful-vlab\\biblioteca-api\\backend\\src\\auth\\auth.module.ts": {"path":"C:\\Users\\Joao Marrocos\\Desktop\\api-restful-vlab\\biblioteca-api\\backend\\src\\auth\\auth.module.ts","statementMap":{"0":{"start":{"line":1,"column":0},"end":{"line":1,"column":40}},"1":{"start":{"line":2,"column":0},"end":{"line":2,"column":45}},"2":{"start":{"line":3,"column":0},"end":{"line":3,"column":51}},"3":{"start":{"line":4,"column":0},"end":{"line":4,"column":58}},"4":{"start":{"line":5,"column":0},"end":{"line":5,"column":50}},"5":{"start":{"line":6,"column":0},"end":{"line":6,"column":40}},"6":{"start":{"line":7,"column":0},"end":{"line":7,"column":61}},"7":{"start":{"line":8,"column":0},"end":{"line":8,"column":54}},"8":{"start":{"line":35,"column":7},"end":{"line":35,"column":null}},"9":{"start":{"line":35,"column":13},"end":{"line":35,"column":23}},"10":{"start":{"line":35,"column":13},"end":{"line":35,"column":null}},"11":{"start":{"line":18,"column":23},"end":{"line":18,"column":62}},"12":{"start":{"line":19,"column":8},"end":{"line":19,"column":54}},"13":{"start":{"line":20,"column":8},"end":{"line":25,"column":10}}},"fnMap":{"0":{"name":"(anonymous_1)","decl":{"start":{"line":17,"column":18},"end":{"line":17,"column":19}},"loc":{"start":{"line":17,"column":51},"end":{"line":26,"column":7}}}},"branchMap":{},"s":{"0":0,"1":0,"2":0,"3":0,"4":0,"5":0,"6":0,"7":0,"8":0,"9":0,"10":0,"11":0,"12":0,"13":0},"f":{"0":0},"b":{}}
,"C:\\Users\\Joao Marrocos\\Desktop\\api-restful-vlab\\biblioteca-api\\backend\\src\\auth\\auth.service.ts": {"path":"C:\\Users\\Joao Marrocos\\Desktop\\api-restful-vlab\\biblioteca-api\\backend\\src\\auth\\auth.service.ts","statementMap":{"0":{"start":{"line":1,"column":0},"end":{"line":1,"column":null}},"1":{"start":{"line":6,"column":0},"end":{"line":6,"column":41}},"2":{"start":{"line":7,"column":0},"end":{"line":7,"column":60}},"3":{"start":{"line":13,"column":7},"end":{"line":54,"column":null}},"4":{"start":{"line":15,"column":21},"end":{"line":15,"column":37}},"5":{"start":{"line":16,"column":21},"end":{"line":16,"column":33}},"6":{"start":{"line":20,"column":4},"end":{"line":29,"column":5}},"7":{"start":{"line":21,"column":26},"end":{"line":21,"column":76}},"8":{"start":{"line":22,"column":44},"end":{"line":22,"column":55}},"9":{"start":{"line":23,"column":6},"end":{"line":23,"column":29}},"10":{"start":{"line":25,"column":6},"end":{"line":27,"column":7}},"11":{"start":{"line":26,"column":8},"end":{"line":26,"column":67}},"12":{"start":{"line":28,"column":6},"end":{"line":28,"column":18}},"13":{"start":{"line":33,"column":20},"end":{"line":33,"column":76}},"14":{"start":{"line":35,"column":4},"end":{"line":37,"column":5}},"15":{"start":{"line":36,"column":6},"end":{"line":36,"column":68}},"16":{"start":{"line":39,"column":24},"end":{"line":39,"column":70}},"17":{"start":{"line":41,"column":4},"end":{"line":43,"column":5}},"18":{"start":{"line":42,"column":6},"end":{"line":42,"column":68}},"19":{"start":{"line":45,"column":20},"end":{"line":48,"column":6}},"20":{"start":{"line":50,"column":4},"end":{"line":52,"column":6}},"21":{"start":{"line":13,"column":13},"end":{"line":13,"column":24}},"22":{"start":{"line":13,"column":13},"end":{"line":54,"column":null}}},"fnMap":{"0":{"name":"(anonymous_2)","decl":{"start":{"line":14,"column":2},"end":{"line":14,"column":null}},"loc":{"start":{"line":16,"column":43},"end":{"line":17,"column":6}}},"1":{"name":"(anonymous_3)","decl":{"start":{"line":19,"column":2},"end":{"line":19,"column":7}},"loc":{"start":{"line":19,"column":51},"end":{"line":30,"column":3}}},"2":{"name":"(anonymous_4)","decl":{"start":{"line":32,"column":2},"end":{"line":32,"column":7}},"loc":{"start":{"line":32,"column":32},"end":{"line":53,"column":3}}}},"branchMap":{"0":{"loc":{"start":{"line":25,"column":6},"end":{"line":27,"column":7}},"type":"if","locations":[{"start":{"line":25,"column":6},"end":{"line":27,"column":7}},{"start":{},"end":{}}]},"1":{"loc":{"start":{"line":35,"column":4},"end":{"line":37,"column":5}},"type":"if","locations":[{"start":{"line":35,"column":4},"end":{"line":37,"column":5}},{"start":{},"end":{}}]},"2":{"loc":{"start":{"line":41,"column":4},"end":{"line":43,"column":5}},"type":"if","locations":[{"start":{"line":41,"column":4},"end":{"line":43,"column":5}},{"start":{},"end":{}}]},"3":{"loc":{"start":{"line":15,"column":37},"end":{"line":15,"column":null}},"type":"cond-expr","locations":[{"start":{"line":15,"column":51},"end":{"line":15,"column":null}},{"start":{"line":15,"column":51},"end":{"line":15,"column":null}}]},"4":{"loc":{"start":{"line":15,"column":37},"end":{"line":15,"column":51}},"type":"binary-expr","locations":[{"start":{"line":15,"column":37},"end":{"line":15,"column":null}},{"start":{"line":15,"column":37},"end":{"line":15,"column":51}}]},"5":{"loc":{"start":{"line":15,"column":51},"end":{"line":16,"column":null}},"type":"cond-expr","locations":[{"start":{"line":16,"column":43},"end":{"line":16,"column":null}},{"start":{"line":16,"column":43},"end":{"line":16,"column":null}}]},"6":{"loc":{"start":{"line":15,"column":51},"end":{"line":16,"column":43}},"type":"binary-expr","locations":[{"start":{"line":15,"column":51},"end":{"line":16,"column":null}},{"start":{"line":16,"column":33},"end":{"line":16,"column":43}}]}},"s":{"0":2,"1":2,"2":2,"3":2,"4":6,"5":6,"6":2,"7":2,"8":1,"9":1,"10":1,"11":1,"12":0,"13":3,"14":3,"15":1,"16":2,"17":2,"18":1,"19":1,"20":1,"21":2,"22":2},"f":{"0":6,"1":2,"2":3},"b":{"0":[1,0],"1":[1,2],"2":[1,1],"3":[2,0],"4":[2,2],"5":[2,0],"6":[2,2]}}
,"C:\\Users\\Joao Marrocos\\Desktop\\api-restful-vlab\\biblioteca-api\\backend\\src\\auth\\dto\\login.dto.ts": {"path":"C:\\Users\\Joao Marrocos\\Desktop\\api-restful-vlab\\biblioteca-api\\backend\\src\\auth\\dto\\login.dto.ts","statementMap":{"0":{"start":{"line":1,"column":0},"end":{"line":1,"column":64}},"1":{"start":{"line":3,"column":0},"end":{"line":3,"column":13}},"2":{"start":{"line":6,"column":2},"end":{"line":6,"column":null}},"3":{"start":{"line":10,"column":2},"end":{"line":10,"column":null}}},"fnMap":{},"branchMap":{},"s":{"0":1,"1":1,"2":1,"3":1},"f":{},"b":{}}
,"C:\\Users\\Joao Marrocos\\Desktop\\api-restful-vlab\\biblioteca-api\\backend\\src\\auth\\strategy\\jwt.strategy.ts": {"path":"C:\\Users\\Joao Marrocos\\Desktop\\api-restful-vlab\\biblioteca-api\\backend\\src\\auth\\strategy\\jwt.strategy.ts","statementMap":{"0":{"start":{"line":1,"column":0},"end":{"line":1,"column":67}},"1":{"start":{"line":2,"column":0},"end":{"line":2,"column":47}},"2":{"start":{"line":3,"column":0},"end":{"line":3,"column":52}},"3":{"start":{"line":4,"column":0},"end":{"line":4,"column":52}},"4":{"start":{"line":5,"column":0},"end":{"line":5,"column":63}},"5":{"start":{"line":9,"column":7},"end":{"line":33,"column":null}},"6":{"start":{"line":14,"column":19},"end":{"line":14,"column":58}},"7":{"start":{"line":15,"column":4},"end":{"line":15,"column":51}},"8":{"start":{"line":16,"column":4},"end":{"line":20,"column":7}},"9":{"start":{"line":11,"column":21},"end":{"line":11,"column":36}},"10":{"start":{"line":12,"column":21},"end":{"line":12,"column":37}},"11":{"start":{"line":24,"column":20},"end":{"line":24,"column":66}},"12":{"start":{"line":26,"column":4},"end":{"line":28,"column":5}},"13":{"start":{"line":27,"column":6},"end":{"line":27,"column":74}},"14":{"start":{"line":30,"column":5},"end":{"line":30,"column":39}},"15":{"start":{"line":31,"column":4},"end":{"line":31,"column":19}},"16":{"start":{"line":9,"column":13},"end":{"line":9,"column":24}},"17":{"start":{"line":9,"column":13},"end":{"line":33,"column":null}}},"fnMap":{"0":{"name":"(anonymous_2)","decl":{"start":{"line":10,"column":2},"end":{"line":10,"column":null}},"loc":{"start":{"line":12,"column":51},"end":{"line":21,"column":3}}},"1":{"name":"(anonymous_3)","decl":{"start":{"line":23,"column":2},"end":{"line":23,"column":7}},"loc":{"start":{"line":23,"column":56},"end":{"line":32,"column":3}}}},"branchMap":{"0":{"loc":{"start":{"line":26,"column":4},"end":{"line":28,"column":5}},"type":"if","locations":[{"start":{"line":26,"column":4},"end":{"line":28,"column":5}},{"start":{},"end":{}}]},"1":{"loc":{"start":{"line":11,"column":36},"end":{"line":11,"column":null}},"type":"cond-expr","locations":[{"start":{"line":11,"column":49},"end":{"line":11,"column":null}},{"start":{"line":11,"column":49},"end":{"line":11,"column":null}}]},"2":{"loc":{"start":{"line":11,"column":36},"end":{"line":11,"column":49}},"type":"binary-expr","locations":[{"start":{"line":11,"column":36},"end":{"line":11,"column":null}},{"start":{"line":11,"column":36},"end":{"line":11,"column":49}}]},"3":{"loc":{"start":{"line":11,"column":49},"end":{"line":12,"column":null}},"type":"cond-expr","locations":[{"start":{"line":12,"column":51},"end":{"line":12,"column":null}},{"start":{"line":12,"column":51},"end":{"line":12,"column":null}}]},"4":{"loc":{"start":{"line":11,"column":49},"end":{"line":12,"column":51}},"type":"binary-expr","locations":[{"start":{"line":11,"column":49},"end":{"line":12,"column":null}},{"start":{"line":12,"column":37},"end":{"line":12,"column":51}}]}},"s":{"0":1,"1":1,"2":1,"3":1,"4":1,"5":1,"6":3,"7":3,"8":3,"9":3,"10":3,"11":2,"12":2,"13":1,"14":1,"15":1,"16":1,"17":1},"f":{"0":3,"1":2},"b":{"0":[1,1],"1":[1,0],"2":[1,1],"3":[1,0],"4":[1,1]}}
,"C:\\Users\\Joao Marrocos\\Desktop\\api-restful-vlab\\biblioteca-api\\backend\\src\\autor\\autor.controller.ts": {"path":"C:\\Users\\Joao Marrocos\\Desktop\\api-restful-vlab\\biblioteca-api\\backend\\src\\autor\\autor.controller.ts","statementMap":{"0":{"start":{"line":1,"column":0},"end":{"line":1,"column":null}},"1":{"start":{"line":14,"column":0},"end":{"line":14,"column":47}},"2":{"start":{"line":15,"column":0},"end":{"line":15,"column":45}},"3":{"start":{"line":16,"column":0},"end":{"line":16,"column":69}},"4":{"start":{"line":17,"column":0},"end":{"line":17,"column":79}},"5":{"start":{"line":18,"column":0},"end":{"line":18,"column":56}},"6":{"start":{"line":19,"column":0},"end":{"line":19,"column":48}},"7":{"start":{"line":24,"column":7},"end":{"line":64,"column":null}},"8":{"start":{"line":25,"column":31},"end":{"line":25,"column":45}},"9":{"start":{"line":30,"column":4},"end":{"line":30,"column":64}},"10":{"start":{"line":38,"column":4},"end":{"line":38,"column":74}},"11":{"start":{"line":43,"column":4},"end":{"line":43,"column":39}},"12":{"start":{"line":48,"column":4},"end":{"line":48,"column":41}},"13":{"start":{"line":56,"column":4},"end":{"line":56,"column":56}},"14":{"start":{"line":62,"column":4},"end":{"line":62,"column":40}},"15":{"start":{"line":24,"column":13},"end":{"line":24,"column":28}},"16":{"start":{"line":29,"column":2},"end":{"line":31,"column":null}},"17":{"start":{"line":35,"column":2},"end":{"line":39,"column":null}},"18":{"start":{"line":42,"column":2},"end":{"line":44,"column":null}},"19":{"start":{"line":47,"column":2},"end":{"line":49,"column":null}},"20":{"start":{"line":52,"column":2},"end":{"line":57,"column":null}},"21":{"start":{"line":61,"column":2},"end":{"line":63,"column":null}},"22":{"start":{"line":24,"column":13},"end":{"line":64,"column":null}}},"fnMap":{"0":{"name":"(anonymous_4)","decl":{"start":{"line":25,"column":2},"end":{"line":25,"column":31}},"loc":{"start":{"line":25,"column":57},"end":{"line":25,"column":61}}},"1":{"name":"(anonymous_5)","decl":{"start":{"line":29,"column":2},"end":{"line":29,"column":14}},"loc":{"start":{"line":29,"column":65},"end":{"line":31,"column":3}}},"2":{"name":"(anonymous_6)","decl":{"start":{"line":35,"column":2},"end":{"line":35,"column":19}},"loc":{"start":{"line":36,"column":64},"end":{"line":39,"column":3}}},"3":{"name":"(anonymous_7)","decl":{"start":{"line":42,"column":2},"end":{"line":42,"column":9}},"loc":{"start":{"line":42,"column":9},"end":{"line":44,"column":3}}},"4":{"name":"(anonymous_8)","decl":{"start":{"line":47,"column":2},"end":{"line":47,"column":9}},"loc":{"start":{"line":47,"column":47},"end":{"line":49,"column":3}}},"5":{"name":"(anonymous_9)","decl":{"start":{"line":52,"column":2},"end":{"line":52,"column":8}},"loc":{"start":{"line":54,"column":42},"end":{"line":57,"column":3}}},"6":{"name":"(anonymous_10)","decl":{"start":{"line":61,"column":2},"end":{"line":61,"column":8}},"loc":{"start":{"line":61,"column":46},"end":{"line":63,"column":3}}}},"branchMap":{"0":{"loc":{"start":{"line":29,"column":45},"end":{"line":29,"column":null}},"type":"cond-expr","locations":[{"start":{"line":29,"column":65},"end":{"line":29,"column":null}},{"start":{"line":29,"column":65},"end":{"line":29,"column":null}}]},"1":{"loc":{"start":{"line":29,"column":45},"end":{"line":29,"column":65}},"type":"binary-expr","locations":[{"start":{"line":29,"column":45},"end":{"line":29,"column":null}},{"start":{"line":29,"column":45},"end":{"line":29,"column":65}}]},"2":{"loc":{"start":{"line":36,"column":39},"end":{"line":36,"column":null}},"type":"cond-expr","locations":[{"start":{"line":36,"column":64},"end":{"line":36,"column":null}},{"start":{"line":36,"column":64},"end":{"line":36,"column":null}}]},"3":{"loc":{"start":{"line":36,"column":39},"end":{"line":36,"column":64}},"type":"binary-expr","locations":[{"start":{"line":36,"column":39},"end":{"line":36,"column":null}},{"start":{"line":36,"column":39},"end":{"line":36,"column":64}}]},"4":{"loc":{"start":{"line":54,"column":28},"end":{"line":54,"column":null}},"type":"cond-expr","locations":[{"start":{"line":54,"column":42},"end":{"line":54,"column":null}},{"start":{"line":54,"column":42},"end":{"line":54,"column":null}}]},"5":{"loc":{"start":{"line":54,"column":28},"end":{"line":54,"column":42}},"type":"binary-expr","locations":[{"start":{"line":54,"column":28},"end":{"line":54,"column":null}},{"start":{"line":54,"column":28},"end":{"line":54,"column":42}}]},"6":{"loc":{"start":{"line":25,"column":45},"end":{"line":25,"column":60}},"type":"cond-expr","locations":[{"start":{"line":25,"column":57},"end":{"line":25,"column":60}},{"start":{"line":25,"column":57},"end":{"line":25,"column":60}}]},"7":{"loc":{"start":{"line":25,"column":45},"end":{"line":25,"column":57}},"type":"binary-expr","locations":[{"start":{"line":25,"column":45},"end":{"line":25,"column":60}},{"start":{"line":25,"column":45},"end":{"line":25,"column":57}}]}},"s":{"0":1,"1":1,"2":1,"3":1,"4":1,"5":1,"6":1,"7":1,"8":7,"9":1,"10":1,"11":1,"12":1,"13":1,"14":1,"15":1,"16":1,"17":1,"18":1,"19":1,"20":1,"21":1,"22":1},"f":{"0":7,"1":1,"2":1,"3":1,"4":1,"5":1,"6":1},"b":{"0":[1,0],"1":[1,1],"2":[1,0],"3":[1,1],"4":[1,0],"5":[1,1],"6":[1,0],"7":[1,1]}}
,"C:\\Users\\Joao Marrocos\\Desktop\\api-restful-vlab\\biblioteca-api\\backend\\src\\autor\\autor.module.ts": {"path":"C:\\Users\\Joao Marrocos\\Desktop\\api-restful-vlab\\biblioteca-api\\backend\\src\\autor\\autor.module.ts","statementMap":{"0":{"start":{"line":1,"column":0},"end":{"line":1,"column":40}},"1":{"start":{"line":2,"column":0},"end":{"line":2,"column":47}},"2":{"start":{"line":3,"column":0},"end":{"line":3,"column":53}},"3":{"start":{"line":4,"column":0},"end":{"line":4,"column":48}},"4":{"start":{"line":6,"column":0},"end":{"line":6,"column":null}},"5":{"start":{"line":11,"column":0},"end":{"line":11,"column":49}},"6":{"start":{"line":24,"column":7},"end":{"line":24,"column":null}},"7":{"start":{"line":24,"column":13},"end":{"line":24,"column":24}},"8":{"start":{"line":24,"column":13},"end":{"line":24,"column":null}}},"fnMap":{},"branchMap":{},"s":{"0":0,"1":0,"2":0,"3":0,"4":0,"5":0,"6":0,"7":0,"8":0},"f":{},"b":{}}
,"C:\\Users\\Joao Marrocos\\Desktop\\api-restful-vlab\\biblioteca-api\\backend\\src\\autor\\autor.resolver.ts": {"path":"C:\\Users\\Joao Marrocos\\Desktop\\api-restful-vlab\\biblioteca-api\\backend\\src\\autor\\autor.resolver.ts","statementMap":{"0":{"start":{"line":1,"column":0},"end":{"line":1,"column":50}},"1":{"start":{"line":2,"column":0},"end":{"line":2,"column":47}},"2":{"start":{"line":3,"column":0},"end":{"line":3,"column":55}},"3":{"start":{"line":7,"column":7},"end":{"line":14,"column":null}},"4":{"start":{"line":8,"column":31},"end":{"line":8,"column":45}},"5":{"start":{"line":12,"column":4},"end":{"line":12,"column":39}},"6":{"start":{"line":7,"column":13},"end":{"line":7,"column":26}},"7":{"start":{"line":11,"column":8},"end":{"line":13,"column":null}},"8":{"start":{"line":10,"column":15},"end":{"line":10,"column":31}},"9":{"start":{"line":7,"column":13},"end":{"line":14,"column":null}},"10":{"start":{"line":6,"column":16},"end":{"line":6,"column":30}}},"fnMap":{"0":{"name":"(anonymous_2)","decl":{"start":{"line":8,"column":2},"end":{"line":8,"column":31}},"loc":{"start":{"line":8,"column":57},"end":{"line":8,"column":61}}},"1":{"name":"(anonymous_3)","decl":{"start":{"line":11,"column":8},"end":{"line":11,"column":18}},"loc":{"start":{"line":11,"column":18},"end":{"line":13,"column":3}}},"2":{"name":"(anonymous_4)","decl":{"start":{"line":10,"column":9},"end":{"line":10,"column":12}},"loc":{"start":{"line":10,"column":15},"end":{"line":10,"column":31}}},"3":{"name":"(anonymous_5)","decl":{"start":{"line":6,"column":10},"end":{"line":6,"column":13}},"loc":{"start":{"line":6,"column":16},"end":{"line":6,"column":30}}}},"branchMap":{"0":{"loc":{"start":{"line":11,"column":22},"end":{"line":11,"column":null}},"type":"cond-expr","locations":[{"start":{"line":11,"column":29},"end":{"line":11,"column":null}},{"start":{"line":11,"column":29},"end":{"line":11,"column":null}}]},"1":{"loc":{"start":{"line":11,"column":22},"end":{"line":11,"column":29}},"type":"binary-expr","locations":[{"start":{"line":11,"column":22},"end":{"line":11,"column":null}},{"start":{"line":11,"column":22},"end":{"line":11,"column":29}}]},"2":{"loc":{"start":{"line":8,"column":45},"end":{"line":8,"column":60}},"type":"cond-expr","locations":[{"start":{"line":8,"column":57},"end":{"line":8,"column":60}},{"start":{"line":8,"column":57},"end":{"line":8,"column":60}}]},"3":{"loc":{"start":{"line":8,"column":45},"end":{"line":8,"column":57}},"type":"binary-expr","locations":[{"start":{"line":8,"column":45},"end":{"line":8,"column":60}},{"start":{"line":8,"column":45},"end":{"line":8,"column":57}}]}},"s":{"0":1,"1":1,"2":1,"3":1,"4":2,"5":1,"6":1,"7":1,"8":0,"9":1,"10":2},"f":{"0":2,"1":1,"2":0,"3":2},"b":{"0":[1,0],"1":[1,1],"2":[1,0],"3":[1,1]}}
,"C:\\Users\\Joao Marrocos\\Desktop\\api-restful-vlab\\biblioteca-api\\backend\\src\\autor\\autor.service.ts": {"path":"C:\\Users\\Joao Marrocos\\Desktop\\api-restful-vlab\\biblioteca-api\\backend\\src\\autor\\autor.service.ts","statementMap":{"0":{"start":{"line":1,"column":0},"end":{"line":1,"column":63}},"1":{"start":{"line":2,"column":0},"end":{"line":2,"column":51}},"2":{"start":{"line":3,"column":0},"end":{"line":3,"column":37}},"3":{"start":{"line":4,"column":0},"end":{"line":4,"column":79}},"4":{"start":{"line":5,"column":0},"end":{"line":5,"column":52}},"5":{"start":{"line":11,"column":7},"end":{"line":62,"column":null}},"6":{"start":{"line":14,"column":21},"end":{"line":14,"column":38}},"7":{"start":{"line":18,"column":24},"end":{"line":21,"column":21}},"8":{"start":{"line":22,"column":4},"end":{"line":22,"column":50}},"9":{"start":{"line":28,"column":29},"end":{"line":31,"column":37}},"10":{"start":{"line":32,"column":4},"end":{"line":32,"column":55}},"11":{"start":{"line":36,"column":4},"end":{"line":36,"column":39}},"12":{"start":{"line":40,"column":18},"end":{"line":40,"column":68}},"13":{"start":{"line":41,"column":4},"end":{"line":43,"column":5}},"14":{"start":{"line":42,"column":6},"end":{"line":42,"column":78}},"15":{"start":{"line":44,"column":4},"end":{"line":44,"column":17}},"16":{"start":{"line":51,"column":18},"end":{"line":51,"column":46}},"17":{"start":{"line":53,"column":28},"end":{"line":53,"column":77}},"18":{"start":{"line":55,"column":4},"end":{"line":55,"column":54}},"19":{"start":{"line":59,"column":18},"end":{"line":59,"column":46}},"20":{"start":{"line":60,"column":4},"end":{"line":60,"column":45}},"21":{"start":{"line":11,"column":13},"end":{"line":11,"column":25}},"22":{"start":{"line":11,"column":13},"end":{"line":62,"column":null}}},"fnMap":{"0":{"name":"(anonymous_4)","decl":{"start":{"line":12,"column":2},"end":{"line":12,"column":null}},"loc":{"start":{"line":14,"column":55},"end":{"line":15,"column":6}}},"1":{"name":"(anonymous_5)","decl":{"start":{"line":17,"column":2},"end":{"line":17,"column":7}},"loc":{"start":{"line":17,"column":46},"end":{"line":23,"column":3}}},"2":{"name":"(anonymous_6)","decl":{"start":{"line":25,"column":2},"end":{"line":25,"column":7}},"loc":{"start":{"line":26,"column":34},"end":{"line":33,"column":3}}},"3":{"name":"(anonymous_7)","decl":{"start":{"line":35,"column":2},"end":{"line":35,"column":7}},"loc":{"start":{"line":35,"column":15},"end":{"line":37,"column":3}}},"4":{"name":"(anonymous_8)","decl":{"start":{"line":39,"column":2},"end":{"line":39,"column":7}},"loc":{"start":{"line":39,"column":32},"end":{"line":45,"column":3}}},"5":{"name":"(anonymous_9)","decl":{"start":{"line":47,"column":2},"end":{"line":47,"column":7}},"loc":{"start":{"line":49,"column":34},"end":{"line":56,"column":3}}},"6":{"name":"(anonymous_10)","decl":{"start":{"line":58,"column":2},"end":{"line":58,"column":7}},"loc":{"start":{"line":58,"column":31},"end":{"line":61,"column":3}}}},"branchMap":{"0":{"loc":{"start":{"line":41,"column":4},"end":{"line":43,"column":5}},"type":"if","locations":[{"start":{"line":41,"column":4},"end":{"line":43,"column":5}},{"start":{},"end":{}}]},"1":{"loc":{"start":{"line":14,"column":38},"end":{"line":14,"column":55}},"type":"cond-expr","locations":[{"start":{"line":14,"column":48},"end":{"line":14,"column":55}},{"start":{"line":14,"column":48},"end":{"line":14,"column":55}}]},"2":{"loc":{"start":{"line":14,"column":38},"end":{"line":14,"column":48}},"type":"binary-expr","locations":[{"start":{"line":14,"column":38},"end":{"line":14,"column":55}},{"start":{"line":14,"column":38},"end":{"line":14,"column":48}}]}},"s":{"0":5,"1":5,"2":5,"3":5,"4":5,"5":5,"6":10,"7":1,"8":1,"9":1,"10":1,"11":1,"12":6,"13":6,"14":3,"15":3,"16":2,"17":1,"18":1,"19":2,"20":1,"21":5,"22":5},"f":{"0":10,"1":1,"2":1,"3":1,"4":6,"5":2,"6":2},"b":{"0":[3,3],"1":[5,0],"2":[5,5]}}
,"C:\\Users\\Joao Marrocos\\Desktop\\api-restful-vlab\\biblioteca-api\\backend\\src\\autor\\dto\\create-autor-instituicao.dto.ts": {"path":"C:\\Users\\Joao Marrocos\\Desktop\\api-restful-vlab\\biblioteca-api\\backend\\src\\autor\\dto\\create-autor-instituicao.dto.ts","statementMap":{"0":{"start":{"line":1,"column":0},"end":{"line":1,"column":63}},"1":{"start":{"line":3,"column":0},"end":{"line":3,"column":13}},"2":{"start":{"line":9,"column":2},"end":{"line":9,"column":null}},"3":{"start":{"line":14,"column":2},"end":{"line":14,"column":null}}},"fnMap":{},"branchMap":{},"s":{"0":1,"1":1,"2":1,"3":1},"f":{},"b":{}}
,"C:\\Users\\Joao Marrocos\\Desktop\\api-restful-vlab\\biblioteca-api\\backend\\src\\autor\\dto\\create-autor-pessoa.dto.ts": {"path":"C:\\Users\\Joao Marrocos\\Desktop\\api-restful-vlab\\biblioteca-api\\backend\\src\\autor\\dto\\create-autor-pessoa.dto.ts","statementMap":{"0":{"start":{"line":1,"column":0},"end":{"line":1,"column":null}},"1":{"start":{"line":9,"column":0},"end":{"line":9,"column":13}},"2":{"start":{"line":15,"column":2},"end":{"line":15,"column":null}},"3":{"start":{"line":19,"column":2},"end":{"line":19,"column":null}}},"fnMap":{},"branchMap":{"0":{"loc":{"start":{"line":19,"column":19},"end":{"line":19,"column":24}},"type":"cond-expr","locations":[{"start":{"line":19,"column":23},"end":{"line":19,"column":24}},{"start":{"line":19,"column":23},"end":{"line":19,"column":24}}]},"1":{"loc":{"start":{"line":19,"column":19},"end":{"line":19,"column":23}},"type":"binary-expr","locations":[{"start":{"line":19,"column":19},"end":{"line":19,"column":24}},{"start":{"line":19,"column":19},"end":{"line":19,"column":23}}]}},"s":{"0":1,"1":1,"2":1,"3":1},"f":{},"b":{"0":[1,0],"1":[1,1]}}
,"C:\\Users\\Joao Marrocos\\Desktop\\api-restful-vlab\\biblioteca-api\\backend\\src\\autor\\dto\\update-autor.dto.ts": {"path":"C:\\Users\\Joao Marrocos\\Desktop\\api-restful-vlab\\biblioteca-api\\backend\\src\\autor\\dto\\update-autor.dto.ts","statementMap":{"0":{"start":{"line":1,"column":0},"end":{"line":1,"column":null}},"1":{"start":{"line":9,"column":0},"end":{"line":9,"column":13}},"2":{"start":{"line":13,"column":2},"end":{"line":13,"column":null}},"3":{"start":{"line":19,"column":2},"end":{"line":19,"column":null}},"4":{"start":{"line":25,"column":2},"end":{"line":25,"column":null}}},"fnMap":{},"branchMap":{"0":{"loc":{"start":{"line":19,"column":20},"end":{"line":19,"column":25}},"type":"cond-expr","locations":[{"start":{"line":19,"column":24},"end":{"line":19,"column":25}},{"start":{"line":19,"column":24},"end":{"line":19,"column":25}}]},"1":{"loc":{"start":{"line":19,"column":20},"end":{"line":19,"column":24}},"type":"binary-expr","locations":[{"start":{"line":19,"column":20},"end":{"line":19,"column":25}},{"start":{"line":19,"column":20},"end":{"line":19,"column":24}}]}},"s":{"0":1,"1":1,"2":1,"3":1,"4":1},"f":{},"b":{"0":[1,0],"1":[1,1]}}
,"C:\\Users\\Joao Marrocos\\Desktop\\api-restful-vlab\\biblioteca-api\\backend\\src\\autor\\entities\\autor.entity.ts": {"path":"C:\\Users\\Joao Marrocos\\Desktop\\api-restful-vlab\\biblioteca-api\\backend\\src\\autor\\entities\\autor.entity.ts","statementMap":{"0":{"start":{"line":1,"column":0},"end":{"line":1,"column":null}},"1":{"start":{"line":9,"column":0},"end":{"line":9,"column":53}},"2":{"start":{"line":10,"column":0},"end":{"line":10,"column":67}},"3":{"start":{"line":17,"column":7},"end":{"line":36,"column":null}},"4":{"start":{"line":17,"column":22},"end":{"line":17,"column":27}},"5":{"start":{"line":19,"column":2},"end":{"line":19,"column":null}},"6":{"start":{"line":26,"column":2},"end":{"line":26,"column":null}},"7":{"start":{"line":29,"column":2},"end":{"line":29,"column":null}},"8":{"start":{"line":28,"column":19},"end":{"line":28,"column":27}},"9":{"start":{"line":28,"column":43},"end":{"line":28,"column":57}},"10":{"start":{"line":35,"column":2},"end":{"line":35,"column":null}},"11":{"start":{"line":17,"column":22},"end":{"line":36,"column":null}},"12":{"start":{"line":40,"column":7},"end":{"line":43,"column":null}},"13":{"start":{"line":40,"column":13},"end":{"line":40,"column":24}},"14":{"start":{"line":42,"column":2},"end":{"line":42,"column":null}},"15":{"start":{"line":40,"column":13},"end":{"line":43,"column":null}},"16":{"start":{"line":47,"column":7},"end":{"line":50,"column":null}},"17":{"start":{"line":47,"column":13},"end":{"line":47,"column":29}},"18":{"start":{"line":49,"column":2},"end":{"line":49,"column":null}},"19":{"start":{"line":47,"column":13},"end":{"line":50,"column":null}}},"fnMap":{"0":{"name":"(anonymous_2)","decl":{"start":{"line":28,"column":13},"end":{"line":28,"column":16}},"loc":{"start":{"line":28,"column":19},"end":{"line":28,"column":27}}},"1":{"name":"(anonymous_3)","decl":{"start":{"line":28,"column":29},"end":{"line":28,"column":30}},"loc":{"start":{"line":28,"column":43},"end":{"line":28,"column":57}}}},"branchMap":{"0":{"loc":{"start":{"line":35,"column":14},"end":{"line":35,"column":24}},"type":"cond-expr","locations":[{"start":{"line":35,"column":23},"end":{"line":35,"column":24}},{"start":{"line":35,"column":23},"end":{"line":35,"column":24}}]},"1":{"loc":{"start":{"line":35,"column":14},"end":{"line":35,"column":23}},"type":"binary-expr","locations":[{"start":{"line":35,"column":14},"end":{"line":35,"column":24}},{"start":{"line":35,"column":14},"end":{"line":35,"column":23}}]},"2":{"loc":{"start":{"line":42,"column":19},"end":{"line":42,"column":24}},"type":"cond-expr","locations":[{"start":{"line":42,"column":23},"end":{"line":42,"column":24}},{"start":{"line":42,"column":23},"end":{"line":42,"column":24}}]},"3":{"loc":{"start":{"line":42,"column":19},"end":{"line":42,"column":23}},"type":"binary-expr","locations":[{"start":{"line":42,"column":19},"end":{"line":42,"column":24}},{"start":{"line":42,"column":19},"end":{"line":42,"column":23}}]}},"s":{"0":10,"1":10,"2":10,"3":10,"4":10,"5":10,"6":10,"7":10,"8":0,"9":0,"10":10,"11":10,"12":10,"13":10,"14":10,"15":10,"16":10,"17":10,"18":10,"19":10},"f":{"0":0,"1":0},"b":{"0":[0,10],"1":[10,10],"2":[10,0],"3":[10,10]}}
,"C:\\Users\\Joao Marrocos\\Desktop\\api-restful-vlab\\biblioteca-api\\backend\\src\\autor\\enums\\autor-tipo.enum.ts": {"path":"C:\\Users\\Joao Marrocos\\Desktop\\api-restful-vlab\\biblioteca-api\\backend\\src\\autor\\enums\\autor-tipo.enum.ts","statementMap":{"0":{"start":{"line":1,"column":0},"end":{"line":1,"column":null}},"1":{"start":{"line":2,"column":2},"end":{"line":2,"column":null}},"2":{"start":{"line":3,"column":2},"end":{"line":3,"column":null}}},"fnMap":{"0":{"name":"(anonymous_0)","decl":{"start":{"line":1,"column":0},"end":{"line":1,"column":12}},"loc":{"start":{"line":1,"column":21},"end":{"line":4,"column":1}}}},"branchMap":{"0":{"loc":{"start":{"line":1,"column":12},"end":{"line":1,"column":null}},"type":"binary-expr","locations":[{"start":{"line":1,"column":12},"end":{"line":1,"column":21}},{"start":{"line":1,"column":21},"end":{"line":1,"column":null}}]}},"s":{"0":10,"1":10,"2":10},"f":{"0":10},"b":{"0":[10,10]}}
,"C:\\Users\\Joao Marrocos\\Desktop\\api-restful-vlab\\biblioteca-api\\backend\\src\\autor\\graphql\\autor.types.ts": {"path":"C:\\Users\\Joao Marrocos\\Desktop\\api-restful-vlab\\biblioteca-api\\backend\\src\\autor\\graphql\\autor.types.ts","statementMap":{"0":{"start":{"line":1,"column":0},"end":{"line":1,"column":null}},"1":{"start":{"line":8,"column":0},"end":{"line":8,"column":53}},"2":{"start":{"line":21,"column":7},"end":{"line":30,"column":null}},"3":{"start":{"line":21,"column":22},"end":{"line":21,"column":36}},"4":{"start":{"line":23,"column":2},"end":{"line":23,"column":null}},"5":{"start":{"line":22,"column":15},"end":{"line":22,"column":18}},"6":{"start":{"line":26,"column":2},"end":{"line":26,"column":null}},"7":{"start":{"line":25,"column":15},"end":{"line":25,"column":24}},"8":{"start":{"line":29,"column":2},"end":{"line":29,"column":null}},"9":{"start":{"line":21,"column":22},"end":{"line":30,"column":null}},"10":{"start":{"line":12,"column":4},"end":{"line":14,"column":5}},"11":{"start":{"line":13,"column":6},"end":{"line":13,"column":29}},"12":{"start":{"line":15,"column":4},"end":{"line":17,"column":5}},"13":{"start":{"line":16,"column":6},"end":{"line":16,"column":34}},"14":{"start":{"line":18,"column":4},"end":{"line":18,"column":16}},"15":{"start":{"line":33,"column":7},"end":{"line":40,"column":null}},"16":{"start":{"line":33,"column":13},"end":{"line":33,"column":28}},"17":{"start":{"line":39,"column":2},"end":{"line":39,"column":null}},"18":{"start":{"line":33,"column":13},"end":{"line":40,"column":null}},"19":{"start":{"line":32,"column":32},"end":{"line":32,"column":48}},"20":{"start":{"line":43,"column":7},"end":{"line":50,"column":null}},"21":{"start":{"line":43,"column":13},"end":{"line":43,"column":33}},"22":{"start":{"line":49,"column":2},"end":{"line":49,"column":null}},"23":{"start":{"line":43,"column":13},"end":{"line":50,"column":null}},"24":{"start":{"line":42,"column":32},"end":{"line":42,"column":48}},"25":{"start":{"line":52,"column":0},"end":{"line":52,"column":51}},"26":{"start":{"line":53,"column":0},"end":{"line":55,"column":3}}},"fnMap":{"0":{"name":"(anonymous_2)","decl":{"start":{"line":22,"column":9},"end":{"line":22,"column":12}},"loc":{"start":{"line":22,"column":15},"end":{"line":22,"column":18}}},"1":{"name":"(anonymous_3)","decl":{"start":{"line":25,"column":9},"end":{"line":25,"column":12}},"loc":{"start":{"line":25,"column":15},"end":{"line":25,"column":24}}},"2":{"name":"(anonymous_4)","decl":{"start":{"line":11,"column":2},"end":{"line":11,"column":13}},"loc":{"start":{"line":11,"column":19},"end":{"line":19,"column":3}}},"3":{"name":"(anonymous_5)","decl":{"start":{"line":32,"column":26},"end":{"line":32,"column":29}},"loc":{"start":{"line":32,"column":32},"end":{"line":32,"column":48}}},"4":{"name":"(anonymous_6)","decl":{"start":{"line":42,"column":26},"end":{"line":42,"column":29}},"loc":{"start":{"line":42,"column":32},"end":{"line":42,"column":48}}}},"branchMap":{"0":{"loc":{"start":{"line":26,"column":14},"end":{"line":26,"column":24}},"type":"cond-expr","locations":[{"start":{"line":26,"column":23},"end":{"line":26,"column":24}},{"start":{"line":26,"column":23},"end":{"line":26,"column":24}}]},"1":{"loc":{"start":{"line":26,"column":14},"end":{"line":26,"column":23}},"type":"binary-expr","locations":[{"start":{"line":26,"column":14},"end":{"line":26,"column":24}},{"start":{"line":26,"column":14},"end":{"line":26,"column":23}}]},"2":{"loc":{"start":{"line":12,"column":4},"end":{"line":14,"column":5}},"type":"if","locations":[{"start":{"line":12,"column":4},"end":{"line":14,"column":5}},{"start":{},"end":{}}]},"3":{"loc":{"start":{"line":15,"column":4},"end":{"line":17,"column":5}},"type":"if","locations":[{"start":{"line":15,"column":4},"end":{"line":17,"column":5}},{"start":{},"end":{}}]},"4":{"loc":{"start":{"line":39,"column":20},"end":{"line":39,"column":25}},"type":"cond-expr","locations":[{"start":{"line":39,"column":24},"end":{"line":39,"column":25}},{"start":{"line":39,"column":24},"end":{"line":39,"column":25}}]},"5":{"loc":{"start":{"line":39,"column":20},"end":{"line":39,"column":24}},"type":"binary-expr","locations":[{"start":{"line":39,"column":20},"end":{"line":39,"column":25}},{"start":{"line":39,"column":20},"end":{"line":39,"column":24}}]}},"s":{"0":1,"1":1,"2":1,"3":1,"4":1,"5":0,"6":1,"7":0,"8":1,"9":1,"10":0,"11":0,"12":0,"13":0,"14":0,"15":1,"16":1,"17":1,"18":1,"19":0,"20":1,"21":1,"22":1,"23":1,"24":0,"25":1,"26":1},"f":{"0":0,"1":0,"2":0,"3":0,"4":0},"b":{"0":[0,1],"1":[1,1],"2":[0,0],"3":[0,0],"4":[1,0],"5":[1,1]}}
,"C:\\Users\\Joao Marrocos\\Desktop\\api-restful-vlab\\biblioteca-api\\backend\\src\\material\\material.controller.ts": {"path":"C:\\Users\\Joao Marrocos\\Desktop\\api-restful-vlab\\biblioteca-api\\backend\\src\\material\\material.controller.ts","statementMap":{"0":{"start":{"line":1,"column":0},"end":{"line":1,"column":null}},"1":{"start":{"line":16,"column":0},"end":{"line":16,"column":53}},"2":{"start":{"line":17,"column":0},"end":{"line":17,"column":45}},"3":{"start":{"line":20,"column":0},"end":{"line":20,"column":56}},"4":{"start":{"line":21,"column":0},"end":{"line":21,"column":58}},"5":{"start":{"line":22,"column":0},"end":{"line":22,"column":56}},"6":{"start":{"line":23,"column":0},"end":{"line":23,"column":62}},"7":{"start":{"line":24,"column":0},"end":{"line":24,"column":60}},"8":{"start":{"line":25,"column":0},"end":{"line":25,"column":48}},"9":{"start":{"line":30,"column":7},"end":{"line":79,"column":null}},"10":{"start":{"line":31,"column":31},"end":{"line":31,"column":48}},"11":{"start":{"line":34,"column":4},"end":{"line":34,"column":31}},"12":{"start":{"line":40,"column":4},"end":{"line":40,"column":77}},"13":{"start":{"line":46,"column":4},"end":{"line":46,"column":78}},"14":{"start":{"line":52,"column":4},"end":{"line":52,"column":77}},"15":{"start":{"line":57,"column":4},"end":{"line":57,"column":47}},"16":{"start":{"line":62,"column":4},"end":{"line":62,"column":44}},"17":{"start":{"line":71,"column":4},"end":{"line":71,"column":76}},"18":{"start":{"line":77,"column":4},"end":{"line":77,"column":71}},"19":{"start":{"line":30,"column":13},"end":{"line":30,"column":31}},"20":{"start":{"line":39,"column":2},"end":{"line":41,"column":null}},"21":{"start":{"line":45,"column":2},"end":{"line":47,"column":null}},"22":{"start":{"line":51,"column":2},"end":{"line":53,"column":null}},"23":{"start":{"line":56,"column":2},"end":{"line":58,"column":null}},"24":{"start":{"line":61,"column":2},"end":{"line":63,"column":null}},"25":{"start":{"line":66,"column":2},"end":{"line":72,"column":null}},"26":{"start":{"line":76,"column":2},"end":{"line":78,"column":null}},"27":{"start":{"line":30,"column":13},"end":{"line":79,"column":null}}},"fnMap":{"0":{"name":"(anonymous_4)","decl":{"start":{"line":31,"column":2},"end":{"line":31,"column":31}},"loc":{"start":{"line":31,"column":63},"end":{"line":31,"column":67}}},"1":{"name":"(anonymous_5)","decl":{"start":{"line":33,"column":10},"end":{"line":33,"column":26}},"loc":{"start":{"line":33,"column":39},"end":{"line":35,"column":3}}},"2":{"name":"(anonymous_6)","decl":{"start":{"line":39,"column":2},"end":{"line":39,"column":13}},"loc":{"start":{"line":39,"column":62},"end":{"line":41,"column":3}}},"3":{"name":"(anonymous_7)","decl":{"start":{"line":45,"column":2},"end":{"line":45,"column":14}},"loc":{"start":{"line":45,"column":64},"end":{"line":47,"column":3}}},"4":{"name":"(anonymous_8)","decl":{"start":{"line":51,"column":2},"end":{"line":51,"column":13}},"loc":{"start":{"line":51,"column":62},"end":{"line":53,"column":3}}},"5":{"name":"(anonymous_9)","decl":{"start":{"line":56,"column":2},"end":{"line":56,"column":9}},"loc":{"start":{"line":56,"column":42},"end":{"line":58,"column":3}}},"6":{"name":"(anonymous_10)","decl":{"start":{"line":61,"column":2},"end":{"line":61,"column":9}},"loc":{"start":{"line":61,"column":47},"end":{"line":63,"column":3}}},"7":{"name":"(anonymous_11)","decl":{"start":{"line":66,"column":2},"end":{"line":66,"column":8}},"loc":{"start":{"line":69,"column":23},"end":{"line":72,"column":3}}},"8":{"name":"(anonymous_12)","decl":{"start":{"line":76,"column":2},"end":{"line":76,"column":8}},"loc":{"start":{"line":76,"column":67},"end":{"line":78,"column":3}}}},"branchMap":{"0":{"loc":{"start":{"line":39,"column":27},"end":{"line":39,"column":44}},"type":"cond-expr","locations":[{"start":{"line":39,"column":41},"end":{"line":39,"column":44}},{"start":{"line":39,"column":41},"end":{"line":39,"column":44}}]},"1":{"loc":{"start":{"line":39,"column":27},"end":{"line":39,"column":41}},"type":"binary-expr","locations":[{"start":{"line":39,"column":27},"end":{"line":39,"column":44}},{"start":{"line":39,"column":27},"end":{"line":39,"column":41}}]},"2":{"loc":{"start":{"line":45,"column":28},"end":{"line":45,"column":46}},"type":"cond-expr","locations":[{"start":{"line":45,"column":43},"end":{"line":45,"column":46}},{"start":{"line":45,"column":43},"end":{"line":45,"column":46}}]},"3":{"loc":{"start":{"line":45,"column":28},"end":{"line":45,"column":43}},"type":"binary-expr","locations":[{"start":{"line":45,"column":28},"end":{"line":45,"column":46}},{"start":{"line":45,"column":28},"end":{"line":45,"column":43}}]},"4":{"loc":{"start":{"line":51,"column":27},"end":{"line":51,"column":44}},"type":"cond-expr","locations":[{"start":{"line":51,"column":41},"end":{"line":51,"column":44}},{"start":{"line":51,"column":41},"end":{"line":51,"column":44}}]},"5":{"loc":{"start":{"line":51,"column":27},"end":{"line":51,"column":41}},"type":"binary-expr","locations":[{"start":{"line":51,"column":27},"end":{"line":51,"column":44}},{"start":{"line":51,"column":27},"end":{"line":51,"column":41}}]},"6":{"loc":{"start":{"line":56,"column":26},"end":{"line":56,"column":null}},"type":"cond-expr","locations":[{"start":{"line":56,"column":42},"end":{"line":56,"column":null}},{"start":{"line":56,"column":42},"end":{"line":56,"column":null}}]},"7":{"loc":{"start":{"line":56,"column":26},"end":{"line":56,"column":42}},"type":"binary-expr","locations":[{"start":{"line":56,"column":26},"end":{"line":56,"column":null}},{"start":{"line":56,"column":26},"end":{"line":56,"column":42}}]},"8":{"loc":{"start":{"line":68,"column":17},"end":{"line":68,"column":null}},"type":"cond-expr","locations":[{"start":{"line":68,"column":34},"end":{"line":68,"column":null}},{"start":{"line":68,"column":34},"end":{"line":68,"column":null}}]},"9":{"loc":{"start":{"line":68,"column":17},"end":{"line":68,"column":34}},"type":"binary-expr","locations":[{"start":{"line":68,"column":17},"end":{"line":68,"column":null}},{"start":{"line":68,"column":17},"end":{"line":68,"column":34}}]},"10":{"loc":{"start":{"line":31,"column":48},"end":{"line":31,"column":66}},"type":"cond-expr","locations":[{"start":{"line":31,"column":63},"end":{"line":31,"column":66}},{"start":{"line":31,"column":63},"end":{"line":31,"column":66}}]},"11":{"loc":{"start":{"line":31,"column":48},"end":{"line":31,"column":63}},"type":"binary-expr","locations":[{"start":{"line":31,"column":48},"end":{"line":31,"column":66}},{"start":{"line":31,"column":48},"end":{"line":31,"column":63}}]}},"s":{"0":1,"1":1,"2":1,"3":1,"4":1,"5":1,"6":1,"7":1,"8":1,"9":1,"10":8,"11":5,"12":1,"13":1,"14":1,"15":1,"16":1,"17":1,"18":1,"19":1,"20":1,"21":1,"22":1,"23":1,"24":1,"25":1,"26":1,"27":1},"f":{"0":8,"1":5,"2":1,"3":1,"4":1,"5":1,"6":1,"7":1,"8":1},"b":{"0":[1,0],"1":[1,1],"2":[1,0],"3":[1,1],"4":[1,0],"5":[1,1],"6":[1,0],"7":[1,1],"8":[1,0],"9":[1,1],"10":[1,0],"11":[1,1]}}
,"C:\\Users\\Joao Marrocos\\Desktop\\api-restful-vlab\\biblioteca-api\\backend\\src\\material\\material.module.ts": {"path":"C:\\Users\\Joao Marrocos\\Desktop\\api-restful-vlab\\biblioteca-api\\backend\\src\\material\\material.module.ts","statementMap":{"0":{"start":{"line":1,"column":0},"end":{"line":1,"column":40}},"1":{"start":{"line":2,"column":0},"end":{"line":2,"column":53}},"2":{"start":{"line":3,"column":0},"end":{"line":3,"column":59}},"3":{"start":{"line":4,"column":0},"end":{"line":4,"column":48}},"4":{"start":{"line":5,"column":0},"end":{"line":5,"column":76}},"5":{"start":{"line":6,"column":0},"end":{"line":6,"column":43}},"6":{"start":{"line":7,"column":0},"end":{"line":7,"column":52}},"7":{"start":{"line":18,"column":7},"end":{"line":18,"column":null}},"8":{"start":{"line":18,"column":13},"end":{"line":18,"column":27}},"9":{"start":{"line":18,"column":13},"end":{"line":18,"column":null}}},"fnMap":{},"branchMap":{},"s":{"0":0,"1":0,"2":0,"3":0,"4":0,"5":0,"6":0,"7":0,"8":0,"9":0},"f":{},"b":{}}
,"C:\\Users\\Joao Marrocos\\Desktop\\api-restful-vlab\\biblioteca-api\\backend\\src\\material\\material.service.ts": {"path":"C:\\Users\\Joao Marrocos\\Desktop\\api-restful-vlab\\biblioteca-api\\backend\\src\\material\\material.service.ts","statementMap":{"0":{"start":{"line":1,"column":0},"end":{"line":1,"column":null}},"1":{"start":{"line":9,"column":0},"end":{"line":9,"column":51}},"2":{"start":{"line":10,"column":0},"end":{"line":10,"column":44}},"3":{"start":{"line":11,"column":0},"end":{"line":11,"column":44}},"4":{"start":{"line":12,"column":0},"end":{"line":12,"column":38}},"5":{"start":{"line":13,"column":0},"end":{"line":13,"column":54}},"6":{"start":{"line":15,"column":0},"end":{"line":15,"column":76}},"7":{"start":{"line":16,"column":0},"end":{"line":16,"column":58}},"8":{"start":{"line":24,"column":7},"end":{"line":201,"column":null}},"9":{"start":{"line":27,"column":21},"end":{"line":27,"column":41}},"10":{"start":{"line":29,"column":21},"end":{"line":29,"column":38}},"11":{"start":{"line":31,"column":21},"end":{"line":31,"column":39}},"12":{"start":{"line":33,"column":21},"end":{"line":33,"column":35}},"13":{"start":{"line":34,"column":21},"end":{"line":34,"column":34}},"14":{"start":{"line":43,"column":4},"end":{"line":43,"column":64}},"15":{"start":{"line":45,"column":18},"end":{"line":50,"column":6}},"16":{"start":{"line":53,"column":4},"end":{"line":67,"column":5}},"17":{"start":{"line":54,"column":6},"end":{"line":66,"column":7}},"18":{"start":{"line":55,"column":20},"end":{"line":55,"column":103}},"19":{"start":{"line":56,"column":25},"end":{"line":56,"column":72}},"20":{"start":{"line":57,"column":21},"end":{"line":57,"column":54}},"21":{"start":{"line":59,"column":8},"end":{"line":63,"column":9}},"22":{"start":{"line":60,"column":10},"end":{"line":60,"column":53}},"23":{"start":{"line":60,"column":27},"end":{"line":60,"column":53}},"24":{"start":{"line":61,"column":10},"end":{"line":62,"column":56}},"25":{"start":{"line":62,"column":12},"end":{"line":62,"column":56}},"26":{"start":{"line":65,"column":8},"end":{"line":65,"column":78}},"27":{"start":{"line":69,"column":4},"end":{"line":69,"column":44}},"28":{"start":{"line":76,"column":4},"end":{"line":76,"column":62}},"29":{"start":{"line":78,"column":19},"end":{"line":83,"column":6}},"30":{"start":{"line":84,"column":4},"end":{"line":84,"column":46}},"31":{"start":{"line":88,"column":4},"end":{"line":88,"column":44}},"32":{"start":{"line":90,"column":18},"end":{"line":95,"column":15}},"33":{"start":{"line":96,"column":4},"end":{"line":96,"column":47}},"34":{"start":{"line":102,"column":47},"end":{"line":102,"column":52}},"35":{"start":{"line":103,"column":17},"end":{"line":103,"column":38}},"36":{"start":{"line":105,"column":15},"end":{"line":110,"column":19}},"37":{"start":{"line":112,"column":4},"end":{"line":117,"column":5}},"38":{"start":{"line":113,"column":6},"end":{"line":116,"column":8}},"39":{"start":{"line":119,"column":32},"end":{"line":119,"column":58}},"40":{"start":{"line":120,"column":4},"end":{"line":125,"column":6}},"41":{"start":{"line":129,"column":21},"end":{"line":132,"column":6}},"42":{"start":{"line":133,"column":4},"end":{"line":135,"column":5}},"43":{"start":{"line":134,"column":6},"end":{"line":134,"column":84}},"44":{"start":{"line":136,"column":4},"end":{"line":136,"column":20}},"45":{"start":{"line":145,"column":21},"end":{"line":145,"column":52}},"46":{"start":{"line":146,"column":4},"end":{"line":146,"column":45}},"47":{"start":{"line":148,"column":4},"end":{"line":150,"column":5}},"48":{"start":{"line":149,"column":6},"end":{"line":149,"column":55}},"49":{"start":{"line":151,"column":4},"end":{"line":153,"column":5}},"50":{"start":{"line":152,"column":6},"end":{"line":152,"column":53}},"51":{"start":{"line":155,"column":31},"end":{"line":155,"column":75}},"52":{"start":{"line":156,"column":4},"end":{"line":156,"column":60}},"53":{"start":{"line":160,"column":21},"end":{"line":160,"column":52}},"54":{"start":{"line":161,"column":4},"end":{"line":161,"column":45}},"55":{"start":{"line":163,"column":4},"end":{"line":163,"column":51}},"56":{"start":{"line":170,"column":4},"end":{"line":174,"column":5}},"57":{"start":{"line":171,"column":6},"end":{"line":171,"column":48}},"58":{"start":{"line":173,"column":6},"end":{"line":173,"column":76}},"59":{"start":{"line":176,"column":4},"end":{"line":176,"column":41}},"60":{"start":{"line":180,"column":4},"end":{"line":185,"column":5}},"61":{"start":{"line":181,"column":21},"end":{"line":181,"column":80}},"62":{"start":{"line":182,"column":6},"end":{"line":184,"column":7}},"63":{"start":{"line":183,"column":8},"end":{"line":183,"column":79}},"64":{"start":{"line":186,"column":4},"end":{"line":191,"column":5}},"65":{"start":{"line":187,"column":21},"end":{"line":187,"column":79}},"66":{"start":{"line":188,"column":6},"end":{"line":190,"column":7}},"67":{"start":{"line":189,"column":8},"end":{"line":189,"column":77}},"68":{"start":{"line":195,"column":4},"end":{"line":199,"column":5}},"69":{"start":{"line":196,"column":6},"end":{"line":198,"column":8}},"70":{"start":{"line":24,"column":13},"end":{"line":24,"column":28}},"71":{"start":{"line":24,"column":13},"end":{"line":201,"column":null}}},"fnMap":{"0":{"name":"(anonymous_4)","decl":{"start":{"line":25,"column":2},"end":{"line":25,"column":null}},"loc":{"start":{"line":34,"column":45},"end":{"line":35,"column":6}}},"1":{"name":"(anonymous_5)","decl":{"start":{"line":39,"column":2},"end":{"line":39,"column":7}},"loc":{"start":{"line":41,"column":20},"end":{"line":70,"column":3}}},"2":{"name":"(anonymous_6)","decl":{"start":{"line":72,"column":2},"end":{"line":72,"column":7}},"loc":{"start":{"line":74,"column":20},"end":{"line":85,"column":3}}},"3":{"name":"(anonymous_7)","decl":{"start":{"line":87,"column":2},"end":{"line":87,"column":7}},"loc":{"start":{"line":87,"column":57},"end":{"line":97,"column":3}}},"4":{"name":"(anonymous_8)","decl":{"start":{"line":101,"column":2},"end":{"line":101,"column":7}},"loc":{"start":{"line":101,"column":39},"end":{"line":126,"column":3}}},"5":{"name":"(anonymous_9)","decl":{"start":{"line":128,"column":2},"end":{"line":128,"column":7}},"loc":{"start":{"line":128,"column":35},"end":{"line":137,"column":3}}},"6":{"name":"(anonymous_10)","decl":{"start":{"line":140,"column":2},"end":{"line":140,"column":7}},"loc":{"start":{"line":143,"column":20},"end":{"line":157,"column":3}}},"7":{"name":"(anonymous_11)","decl":{"start":{"line":159,"column":2},"end":{"line":159,"column":7}},"loc":{"start":{"line":159,"column":52},"end":{"line":164,"column":3}}},"8":{"name":"(anonymous_12)","decl":{"start":{"line":166,"column":10},"end":{"line":166,"column":15}},"loc":{"start":{"line":168,"column":48},"end":{"line":177,"column":3}}},"9":{"name":"(anonymous_13)","decl":{"start":{"line":179,"column":10},"end":{"line":179,"column":15}},"loc":{"start":{"line":179,"column":73},"end":{"line":192,"column":3}}},"10":{"name":"(anonymous_14)","decl":{"start":{"line":194,"column":10},"end":{"line":194,"column":26}},"loc":{"start":{"line":194,"column":63},"end":{"line":200,"column":3}}}},"branchMap":{"0":{"loc":{"start":{"line":53,"column":4},"end":{"line":67,"column":5}},"type":"if","locations":[{"start":{"line":53,"column":4},"end":{"line":67,"column":5}},{"start":{},"end":{}}]},"1":{"loc":{"start":{"line":53,"column":8},"end":{"line":53,"column":42}},"type":"binary-expr","locations":[{"start":{"line":53,"column":8},"end":{"line":53,"column":19}},{"start":{"line":53,"column":23},"end":{"line":53,"column":42}}]},"2":{"loc":{"start":{"line":59,"column":8},"end":{"line":63,"column":9}},"type":"if","locations":[{"start":{"line":59,"column":8},"end":{"line":63,"column":9}},{"start":{},"end":{}}]},"3":{"loc":{"start":{"line":60,"column":10},"end":{"line":60,"column":53}},"type":"if","locations":[{"start":{"line":60,"column":10},"end":{"line":60,"column":53}},{"start":{},"end":{}}]},"4":{"loc":{"start":{"line":61,"column":10},"end":{"line":62,"column":56}},"type":"if","locations":[{"start":{"line":61,"column":10},"end":{"line":62,"column":56}},{"start":{},"end":{}}]},"5":{"loc":{"start":{"line":102,"column":12},"end":{"line":102,"column":22}},"type":"default-arg","locations":[{"start":{"line":102,"column":21},"end":{"line":102,"column":22}}]},"6":{"loc":{"start":{"line":102,"column":24},"end":{"line":102,"column":35}},"type":"default-arg","locations":[{"start":{"line":102,"column":33},"end":{"line":102,"column":35}}]},"7":{"loc":{"start":{"line":112,"column":4},"end":{"line":117,"column":5}},"type":"if","locations":[{"start":{"line":112,"column":4},"end":{"line":117,"column":5}},{"start":{},"end":{}}]},"8":{"loc":{"start":{"line":133,"column":4},"end":{"line":135,"column":5}},"type":"if","locations":[{"start":{"line":133,"column":4},"end":{"line":135,"column":5}},{"start":{},"end":{}}]},"9":{"loc":{"start":{"line":148,"column":4},"end":{"line":150,"column":5}},"type":"if","locations":[{"start":{"line":148,"column":4},"end":{"line":150,"column":5}},{"start":{},"end":{}}]},"10":{"loc":{"start":{"line":148,"column":8},"end":{"line":148,"column":57}},"type":"binary-expr","locations":[{"start":{"line":148,"column":8},"end":{"line":148,"column":16}},{"start":{"line":148,"column":20},"end":{"line":148,"column":57}}]},"11":{"loc":{"start":{"line":151,"column":4},"end":{"line":153,"column":5}},"type":"if","locations":[{"start":{"line":151,"column":4},"end":{"line":153,"column":5}},{"start":{},"end":{}}]},"12":{"loc":{"start":{"line":151,"column":8},"end":{"line":151,"column":55}},"type":"binary-expr","locations":[{"start":{"line":151,"column":8},"end":{"line":151,"column":15}},{"start":{"line":151,"column":19},"end":{"line":151,"column":55}}]},"13":{"loc":{"start":{"line":168,"column":4},"end":{"line":168,"column":48}},"type":"default-arg","locations":[{"start":{"line":168,"column":46},"end":{"line":168,"column":48}}]},"14":{"loc":{"start":{"line":180,"column":4},"end":{"line":185,"column":5}},"type":"if","locations":[{"start":{"line":180,"column":4},"end":{"line":185,"column":5}},{"start":{},"end":{}}]},"15":{"loc":{"start":{"line":182,"column":6},"end":{"line":184,"column":7}},"type":"if","locations":[{"start":{"line":182,"column":6},"end":{"line":184,"column":7}},{"start":{},"end":{}}]},"16":{"loc":{"start":{"line":186,"column":4},"end":{"line":191,"column":5}},"type":"if","locations":[{"start":{"line":186,"column":4},"end":{"line":191,"column":5}},{"start":{},"end":{}}]},"17":{"loc":{"start":{"line":188,"column":6},"end":{"line":190,"column":7}},"type":"if","locations":[{"start":{"line":188,"column":6},"end":{"line":190,"column":7}},{"start":{},"end":{}}]},"18":{"loc":{"start":{"line":195,"column":4},"end":{"line":199,"column":5}},"type":"if","locations":[{"start":{"line":195,"column":4},"end":{"line":199,"column":5}},{"start":{},"end":{}}]},"19":{"loc":{"start":{"line":27,"column":41},"end":{"line":27,"column":61}},"type":"cond-expr","locations":[{"start":{"line":27,"column":51},"end":{"line":27,"column":61}},{"start":{"line":27,"column":51},"end":{"line":27,"column":61}}]},"20":{"loc":{"start":{"line":27,"column":41},"end":{"line":27,"column":51}},"type":"binary-expr","locations":[{"start":{"line":27,"column":41},"end":{"line":27,"column":61}},{"start":{"line":27,"column":41},"end":{"line":27,"column":51}}]},"21":{"loc":{"start":{"line":27,"column":51},"end":{"line":29,"column":55}},"type":"cond-expr","locations":[{"start":{"line":29,"column":48},"end":{"line":29,"column":55}},{"start":{"line":29,"column":48},"end":{"line":29,"column":55}}]},"22":{"loc":{"start":{"line":27,"column":51},"end":{"line":29,"column":48}},"type":"binary-expr","locations":[{"start":{"line":27,"column":51},"end":{"line":29,"column":55}},{"start":{"line":29,"column":38},"end":{"line":29,"column":48}}]},"23":{"loc":{"start":{"line":29,"column":48},"end":{"line":31,"column":57}},"type":"cond-expr","locations":[{"start":{"line":31,"column":49},"end":{"line":31,"column":57}},{"start":{"line":31,"column":49},"end":{"line":31,"column":57}}]},"24":{"loc":{"start":{"line":29,"column":48},"end":{"line":31,"column":49}},"type":"binary-expr","locations":[{"start":{"line":29,"column":48},"end":{"line":31,"column":57}},{"start":{"line":31,"column":39},"end":{"line":31,"column":49}}]},"25":{"loc":{"start":{"line":31,"column":49},"end":{"line":33,"column":null}},"type":"cond-expr","locations":[{"start":{"line":33,"column":47},"end":{"line":33,"column":null}},{"start":{"line":33,"column":47},"end":{"line":33,"column":null}}]},"26":{"loc":{"start":{"line":31,"column":49},"end":{"line":33,"column":47}},"type":"binary-expr","locations":[{"start":{"line":31,"column":49},"end":{"line":33,"column":null}},{"start":{"line":33,"column":35},"end":{"line":33,"column":47}}]},"27":{"loc":{"start":{"line":33,"column":47},"end":{"line":34,"column":null}},"type":"cond-expr","locations":[{"start":{"line":34,"column":45},"end":{"line":34,"column":null}},{"start":{"line":34,"column":45},"end":{"line":34,"column":null}}]},"28":{"loc":{"start":{"line":33,"column":47},"end":{"line":34,"column":45}},"type":"binary-expr","locations":[{"start":{"line":33,"column":47},"end":{"line":34,"column":null}},{"start":{"line":34,"column":34},"end":{"line":34,"column":45}}]}},"s":{"0":2,"1":2,"2":2,"3":2,"4":2,"5":2,"6":2,"7":2,"8":2,"9":20,"10":20,"11":20,"12":20,"13":20,"14":5,"15":3,"16":3,"17":2,"18":2,"19":2,"20":1,"21":1,"22":1,"23":1,"24":1,"25":1,"26":1,"27":3,"28":3,"29":1,"30":1,"31":2,"32":1,"33":1,"34":2,"35":2,"36":2,"37":2,"38":1,"39":2,"40":2,"41":7,"42":7,"43":1,"44":6,"45":3,"46":3,"47":2,"48":1,"49":1,"50":0,"51":1,"52":1,"53":2,"54":2,"55":1,"56":10,"57":10,"58":3,"59":7,"60":8,"61":5,"62":5,"63":2,"64":6,"65":2,"66":2,"67":1,"68":5,"69":2,"70":2,"71":2},"f":{"0":20,"1":5,"2":3,"3":2,"4":2,"5":7,"6":3,"7":2,"8":10,"9":8,"10":5},"b":{"0":[2,1],"1":[3,1],"2":[1,0],"3":[1,0],"4":[1,0],"5":[1],"6":[1],"7":[1,1],"8":[1,6],"9":[1,1],"10":[2,1],"11":[0,1],"12":[1,0],"13":[2],"14":[5,3],"15":[2,3],"16":[2,4],"17":[1,1],"18":[2,3],"19":[2,0],"20":[2,2],"21":[2,0],"22":[2,2],"23":[2,0],"24":[2,2],"25":[2,0],"26":[2,2],"27":[2,0],"28":[2,2]}}
,"C:\\Users\\Joao Marrocos\\Desktop\\api-restful-vlab\\biblioteca-api\\backend\\src\\material\\dto\\base-material.dto.ts": {"path":"C:\\Users\\Joao Marrocos\\Desktop\\api-restful-vlab\\biblioteca-api\\backend\\src\\material\\dto\\base-material.dto.ts","statementMap":{"0":{"start":{"line":1,"column":0},"end":{"line":1,"column":null}},"1":{"start":{"line":11,"column":0},"end":{"line":11,"column":63}},"2":{"start":{"line":13,"column":0},"end":{"line":13,"column":13}},"3":{"start":{"line":17,"column":2},"end":{"line":17,"column":null}},"4":{"start":{"line":22,"column":2},"end":{"line":22,"column":null}},"5":{"start":{"line":28,"column":2},"end":{"line":28,"column":null}},"6":{"start":{"line":32,"column":2},"end":{"line":32,"column":null}}},"fnMap":{},"branchMap":{"0":{"loc":{"start":{"line":28,"column":10},"end":{"line":28,"column":25}},"type":"cond-expr","locations":[{"start":{"line":28,"column":24},"end":{"line":28,"column":25}},{"start":{"line":28,"column":24},"end":{"line":28,"column":25}}]},"1":{"loc":{"start":{"line":28,"column":10},"end":{"line":28,"column":24}},"type":"binary-expr","locations":[{"start":{"line":28,"column":10},"end":{"line":28,"column":25}},{"start":{"line":28,"column":10},"end":{"line":28,"column":24}}]}},"s":{"0":1,"1":1,"2":1,"3":1,"4":1,"5":1,"6":1},"f":{},"b":{"0":[0,1],"1":[1,1]}}
,"C:\\Users\\Joao Marrocos\\Desktop\\api-restful-vlab\\biblioteca-api\\backend\\src\\material\\dto\\create-artigo.dto.ts": {"path":"C:\\Users\\Joao Marrocos\\Desktop\\api-restful-vlab\\biblioteca-api\\backend\\src\\material\\dto\\create-artigo.dto.ts","statementMap":{"0":{"start":{"line":1,"column":0},"end":{"line":1,"column":64}},"1":{"start":{"line":2,"column":0},"end":{"line":2,"column":54}},"2":{"start":{"line":4,"column":0},"end":{"line":4,"column":13}},"3":{"start":{"line":10,"column":2},"end":{"line":10,"column":null}}},"fnMap":{},"branchMap":{},"s":{"0":1,"1":1,"2":1,"3":1},"f":{},"b":{}}
,"C:\\Users\\Joao Marrocos\\Desktop\\api-restful-vlab\\biblioteca-api\\backend\\src\\material\\dto\\create-livro.dto.ts": {"path":"C:\\Users\\Joao Marrocos\\Desktop\\api-restful-vlab\\biblioteca-api\\backend\\src\\material\\dto\\create-livro.dto.ts","statementMap":{"0":{"start":{"line":1,"column":0},"end":{"line":1,"column":null}},"1":{"start":{"line":9,"column":0},"end":{"line":9,"column":54}},"2":{"start":{"line":11,"column":0},"end":{"line":11,"column":13}},"3":{"start":{"line":15,"column":2},"end":{"line":15,"column":null}},"4":{"start":{"line":20,"column":2},"end":{"line":20,"column":null}}},"fnMap":{},"branchMap":{},"s":{"0":1,"1":1,"2":1,"3":1,"4":1},"f":{},"b":{}}
,"C:\\Users\\Joao Marrocos\\Desktop\\api-restful-vlab\\biblioteca-api\\backend\\src\\material\\dto\\create-video.dto.ts": {"path":"C:\\Users\\Joao Marrocos\\Desktop\\api-restful-vlab\\biblioteca-api\\backend\\src\\material\\dto\\create-video.dto.ts","statementMap":{"0":{"start":{"line":1,"column":0},"end":{"line":1,"column":57}},"1":{"start":{"line":2,"column":0},"end":{"line":2,"column":54}},"2":{"start":{"line":4,"column":0},"end":{"line":4,"column":13}},"3":{"start":{"line":8,"column":2},"end":{"line":8,"column":null}}},"fnMap":{},"branchMap":{},"s":{"0":1,"1":1,"2":1,"3":1},"f":{},"b":{}}
,"C:\\Users\\Joao Marrocos\\Desktop\\api-restful-vlab\\biblioteca-api\\backend\\src\\material\\dto\\query-material.dto.ts": {"path":"C:\\Users\\Joao Marrocos\\Desktop\\api-restful-vlab\\biblioteca-api\\backend\\src\\material\\dto\\query-material.dto.ts","statementMap":{"0":{"start":{"line":1,"column":0},"end":{"line":1,"column":41}},"1":{"start":{"line":2,"column":0},"end":{"line":2,"column":72}},"2":{"start":{"line":13,"column":20},"end":{"line":13,"column":21}},"3":{"start":{"line":20,"column":20},"end":{"line":20,"column":22}},"4":{"start":{"line":4,"column":0},"end":{"line":4,"column":13}},"5":{"start":{"line":7,"column":2},"end":{"line":7,"column":null}},"6":{"start":{"line":13,"column":2},"end":{"line":13,"column":null}},"7":{"start":{"line":10,"column":14},"end":{"line":10,"column":20}},"8":{"start":{"line":20,"column":2},"end":{"line":20,"column":null}},"9":{"start":{"line":16,"column":14},"end":{"line":16,"column":20}}},"fnMap":{"0":{"name":"(anonymous_2)","decl":{"start":{"line":10,"column":8},"end":{"line":10,"column":11}},"loc":{"start":{"line":10,"column":14},"end":{"line":10,"column":20}}},"1":{"name":"(anonymous_3)","decl":{"start":{"line":16,"column":8},"end":{"line":16,"column":11}},"loc":{"start":{"line":16,"column":14},"end":{"line":16,"column":20}}}},"branchMap":{},"s":{"0":1,"1":1,"2":1,"3":1,"4":1,"5":1,"6":1,"7":0,"8":1,"9":0},"f":{"0":0,"1":0},"b":{}}
,"C:\\Users\\Joao Marrocos\\Desktop\\api-restful-vlab\\biblioteca-api\\backend\\src\\material\\dto\\update-material.dto.ts": {"path":"C:\\Users\\Joao Marrocos\\Desktop\\api-restful-vlab\\biblioteca-api\\backend\\src\\material\\dto\\update-material.dto.ts","statementMap":{"0":{"start":{"line":1,"column":0},"end":{"line":1,"column":null}},"1":{"start":{"line":11,"column":0},"end":{"line":11,"column":63}},"2":{"start":{"line":14,"column":0},"end":{"line":14,"column":13}},"3":{"start":{"line":18,"column":2},"end":{"line":18,"column":null}},"4":{"start":{"line":23,"column":2},"end":{"line":23,"column":null}},"5":{"start":{"line":27,"column":2},"end":{"line":27,"column":null}},"6":{"start":{"line":31,"column":2},"end":{"line":31,"column":null}},"7":{"start":{"line":37,"column":2},"end":{"line":37,"column":null}},"8":{"start":{"line":42,"column":2},"end":{"line":42,"column":null}},"9":{"start":{"line":50,"column":2},"end":{"line":50,"column":null}},"10":{"start":{"line":56,"column":2},"end":{"line":56,"column":null}}},"fnMap":{},"branchMap":{"0":{"loc":{"start":{"line":27,"column":11},"end":{"line":27,"column":26}},"type":"cond-expr","locations":[{"start":{"line":27,"column":25},"end":{"line":27,"column":26}},{"start":{"line":27,"column":25},"end":{"line":27,"column":26}}]},"1":{"loc":{"start":{"line":27,"column":11},"end":{"line":27,"column":25}},"type":"binary-expr","locations":[{"start":{"line":27,"column":11},"end":{"line":27,"column":26}},{"start":{"line":27,"column":11},"end":{"line":27,"column":25}}]}},"s":{"0":1,"1":1,"2":1,"3":1,"4":1,"5":1,"6":1,"7":1,"8":1,"9":1,"10":1},"f":{},"b":{"0":[0,1],"1":[1,1]}}
,"C:\\Users\\Joao Marrocos\\Desktop\\api-restful-vlab\\biblioteca-api\\backend\\src\\material\\entities\\material.entity.ts": {"path":"C:\\Users\\Joao Marrocos\\Desktop\\api-restful-vlab\\biblioteca-api\\backend\\src\\material\\entities\\material.entity.ts","statementMap":{"0":{"start":{"line":1,"column":0},"end":{"line":1,"column":null}},"1":{"start":{"line":10,"column":0},"end":{"line":10,"column":63}},"2":{"start":{"line":11,"column":0},"end":{"line":11,"column":59}},"3":{"start":{"line":12,"column":0},"end":{"line":12,"column":64}},"4":{"start":{"line":13,"column":0},"end":{"line":13,"column":58}},"5":{"start":{"line":20,"column":7},"end":{"line":50,"column":null}},"6":{"start":{"line":20,"column":22},"end":{"line":20,"column":30}},"7":{"start":{"line":22,"column":2},"end":{"line":22,"column":null}},"8":{"start":{"line":25,"column":2},"end":{"line":25,"column":null}},"9":{"start":{"line":28,"column":2},"end":{"line":28,"column":null}},"10":{"start":{"line":35,"column":2},"end":{"line":35,"column":null}},"11":{"start":{"line":39,"column":2},"end":{"line":39,"column":null}},"12":{"start":{"line":37,"column":19},"end":{"line":37,"column":26}},"13":{"start":{"line":37,"column":41},"end":{"line":37,"column":66}},"14":{"start":{"line":43,"column":2},"end":{"line":43,"column":null}},"15":{"start":{"line":41,"column":19},"end":{"line":41,"column":24}},"16":{"start":{"line":41,"column":37},"end":{"line":41,"column":52}},"17":{"start":{"line":49,"column":2},"end":{"line":49,"column":null}},"18":{"start":{"line":20,"column":22},"end":{"line":50,"column":null}},"19":{"start":{"line":54,"column":7},"end":{"line":65,"column":null}},"20":{"start":{"line":54,"column":13},"end":{"line":54,"column":18}},"21":{"start":{"line":61,"column":2},"end":{"line":61,"column":null}},"22":{"start":{"line":64,"column":2},"end":{"line":64,"column":null}},"23":{"start":{"line":54,"column":13},"end":{"line":65,"column":null}},"24":{"start":{"line":69,"column":7},"end":{"line":76,"column":null}},"25":{"start":{"line":69,"column":13},"end":{"line":69,"column":19}},"26":{"start":{"line":75,"column":2},"end":{"line":75,"column":null}},"27":{"start":{"line":69,"column":13},"end":{"line":76,"column":null}},"28":{"start":{"line":80,"column":7},"end":{"line":83,"column":null}},"29":{"start":{"line":80,"column":13},"end":{"line":80,"column":18}},"30":{"start":{"line":82,"column":2},"end":{"line":82,"column":null}},"31":{"start":{"line":80,"column":13},"end":{"line":83,"column":null}}},"fnMap":{"0":{"name":"(anonymous_2)","decl":{"start":{"line":37,"column":13},"end":{"line":37,"column":16}},"loc":{"start":{"line":37,"column":19},"end":{"line":37,"column":26}}},"1":{"name":"(anonymous_3)","decl":{"start":{"line":37,"column":28},"end":{"line":37,"column":29}},"loc":{"start":{"line":37,"column":41},"end":{"line":37,"column":66}}},"2":{"name":"(anonymous_4)","decl":{"start":{"line":41,"column":13},"end":{"line":41,"column":16}},"loc":{"start":{"line":41,"column":19},"end":{"line":41,"column":24}}},"3":{"name":"(anonymous_5)","decl":{"start":{"line":41,"column":26},"end":{"line":41,"column":27}},"loc":{"start":{"line":41,"column":37},"end":{"line":41,"column":52}}}},"branchMap":{"0":{"loc":{"start":{"line":35,"column":10},"end":{"line":35,"column":25}},"type":"cond-expr","locations":[{"start":{"line":35,"column":24},"end":{"line":35,"column":25}},{"start":{"line":35,"column":24},"end":{"line":35,"column":25}}]},"1":{"loc":{"start":{"line":35,"column":10},"end":{"line":35,"column":24}},"type":"binary-expr","locations":[{"start":{"line":35,"column":10},"end":{"line":35,"column":25}},{"start":{"line":35,"column":10},"end":{"line":35,"column":24}}]},"2":{"loc":{"start":{"line":39,"column":19},"end":{"line":39,"column":27}},"type":"cond-expr","locations":[{"start":{"line":39,"column":26},"end":{"line":39,"column":27}},{"start":{"line":39,"column":26},"end":{"line":39,"column":27}}]},"3":{"loc":{"start":{"line":39,"column":19},"end":{"line":39,"column":26}},"type":"binary-expr","locations":[{"start":{"line":39,"column":19},"end":{"line":39,"column":27}},{"start":{"line":39,"column":19},"end":{"line":39,"column":26}}]},"4":{"loc":{"start":{"line":43,"column":9},"end":{"line":43,"column":15}},"type":"cond-expr","locations":[{"start":{"line":43,"column":14},"end":{"line":43,"column":15}},{"start":{"line":43,"column":14},"end":{"line":43,"column":15}}]},"5":{"loc":{"start":{"line":43,"column":9},"end":{"line":43,"column":14}},"type":"binary-expr","locations":[{"start":{"line":43,"column":9},"end":{"line":43,"column":15}},{"start":{"line":43,"column":9},"end":{"line":43,"column":14}}]},"6":{"loc":{"start":{"line":49,"column":17},"end":{"line":49,"column":30}},"type":"cond-expr","locations":[{"start":{"line":49,"column":29},"end":{"line":49,"column":30}},{"start":{"line":49,"column":29},"end":{"line":49,"column":30}}]},"7":{"loc":{"start":{"line":49,"column":17},"end":{"line":49,"column":29}},"type":"binary-expr","locations":[{"start":{"line":49,"column":17},"end":{"line":49,"column":30}},{"start":{"line":49,"column":17},"end":{"line":49,"column":29}}]}},"s":{"0":10,"1":10,"2":10,"3":10,"4":10,"5":10,"6":10,"7":10,"8":10,"9":10,"10":10,"11":10,"12":0,"13":0,"14":10,"15":0,"16":0,"17":10,"18":10,"19":10,"20":10,"21":10,"22":10,"23":10,"24":10,"25":10,"26":10,"27":10,"28":10,"29":10,"30":10,"31":10},"f":{"0":0,"1":0,"2":0,"3":0},"b":{"0":[0,10],"1":[10,10],"2":[5,5],"3":[10,5],"4":[5,5],"5":[10,5],"6":[0,10],"7":[10,10]}}
,"C:\\Users\\Joao Marrocos\\Desktop\\api-restful-vlab\\biblioteca-api\\backend\\src\\material\\enums\\material-status.enum.ts": {"path":"C:\\Users\\Joao Marrocos\\Desktop\\api-restful-vlab\\biblioteca-api\\backend\\src\\material\\enums\\material-status.enum.ts","statementMap":{"0":{"start":{"line":1,"column":0},"end":{"line":1,"column":null}},"1":{"start":{"line":2,"column":2},"end":{"line":2,"column":null}},"2":{"start":{"line":3,"column":2},"end":{"line":3,"column":null}},"3":{"start":{"line":4,"column":2},"end":{"line":4,"column":null}}},"fnMap":{"0":{"name":"(anonymous_0)","decl":{"start":{"line":1,"column":0},"end":{"line":1,"column":12}},"loc":{"start":{"line":1,"column":26},"end":{"line":5,"column":1}}}},"branchMap":{"0":{"loc":{"start":{"line":1,"column":12},"end":{"line":1,"column":null}},"type":"binary-expr","locations":[{"start":{"line":1,"column":12},"end":{"line":1,"column":26}},{"start":{"line":1,"column":26},"end":{"line":1,"column":null}}]}},"s":{"0":10,"1":10,"2":10,"3":10},"f":{"0":10},"b":{"0":[10,10]}}
,"C:\\Users\\Joao Marrocos\\Desktop\\api-restful-vlab\\biblioteca-api\\backend\\src\\material\\enums\\material-tipo.enum.ts": {"path":"C:\\Users\\Joao Marrocos\\Desktop\\api-restful-vlab\\biblioteca-api\\backend\\src\\material\\enums\\material-tipo.enum.ts","statementMap":{"0":{"start":{"line":1,"column":0},"end":{"line":1,"column":null}},"1":{"start":{"line":2,"column":2},"end":{"line":2,"column":null}},"2":{"start":{"line":3,"column":2},"end":{"line":3,"column":null}},"3":{"start":{"line":4,"column":2},"end":{"line":4,"column":null}}},"fnMap":{"0":{"name":"(anonymous_0)","decl":{"start":{"line":1,"column":0},"end":{"line":1,"column":12}},"loc":{"start":{"line":1,"column":24},"end":{"line":5,"column":1}}}},"branchMap":{"0":{"loc":{"start":{"line":1,"column":12},"end":{"line":1,"column":null}},"type":"binary-expr","locations":[{"start":{"line":1,"column":12},"end":{"line":1,"column":24}},{"start":{"line":1,"column":24},"end":{"line":1,"column":null}}]}},"s":{"0":10,"1":10,"2":10,"3":10},"f":{"0":10},"b":{"0":[10,10]}}
,"C:\\Users\\Joao Marrocos\\Desktop\\api-restful-vlab\\biblioteca-api\\backend\\src\\usuario\\usuario.controller.ts": {"path":"C:\\Users\\Joao Marrocos\\Desktop\\api-restful-vlab\\biblioteca-api\\backend\\src\\usuario\\usuario.controller.ts","statementMap":{"0":{"start":{"line":1,"column":0},"end":{"line":1,"column":null}},"1":{"start":{"line":14,"column":0},"end":{"line":14,"column":51}},"2":{"start":{"line":15,"column":0},"end":{"line":15,"column":60}},"3":{"start":{"line":16,"column":0},"end":{"line":16,"column":45}},"4":{"start":{"line":19,"column":0},"end":{"line":19,"column":48}},"5":{"start":{"line":24,"column":7},"end":{"line":59,"column":null}},"6":{"start":{"line":25,"column":31},"end":{"line":25,"column":47}},"7":{"start":{"line":29,"column":4},"end":{"line":29,"column":41}},"8":{"start":{"line":34,"column":26},"end":{"line":34,"column":45}},"9":{"start":{"line":35,"column":4},"end":{"line":35,"column":65}},"10":{"start":{"line":40,"column":4},"end":{"line":40,"column":43}},"11":{"start":{"line":49,"column":26},"end":{"line":49,"column":45}},"12":{"start":{"line":50,"column":4},"end":{"line":50,"column":75}},"13":{"start":{"line":56,"column":26},"end":{"line":56,"column":45}},"14":{"start":{"line":57,"column":4},"end":{"line":57,"column":57}},"15":{"start":{"line":24,"column":13},"end":{"line":24,"column":30}},"16":{"start":{"line":28,"column":2},"end":{"line":30,"column":null}},"17":{"start":{"line":33,"column":2},"end":{"line":36,"column":null}},"18":{"start":{"line":39,"column":2},"end":{"line":41,"column":null}},"19":{"start":{"line":44,"column":2},"end":{"line":51,"column":null}},"20":{"start":{"line":55,"column":2},"end":{"line":58,"column":null}},"21":{"start":{"line":24,"column":13},"end":{"line":59,"column":null}}},"fnMap":{"0":{"name":"(anonymous_4)","decl":{"start":{"line":25,"column":2},"end":{"line":25,"column":31}},"loc":{"start":{"line":25,"column":61},"end":{"line":25,"column":65}}},"1":{"name":"(anonymous_5)","decl":{"start":{"line":28,"column":2},"end":{"line":28,"column":9}},"loc":{"start":{"line":28,"column":9},"end":{"line":30,"column":3}}},"2":{"name":"(anonymous_6)","decl":{"start":{"line":33,"column":2},"end":{"line":33,"column":8}},"loc":{"start":{"line":33,"column":28},"end":{"line":36,"column":3}}},"3":{"name":"(anonymous_7)","decl":{"start":{"line":39,"column":2},"end":{"line":39,"column":9}},"loc":{"start":{"line":39,"column":47},"end":{"line":41,"column":3}}},"4":{"name":"(anonymous_8)","decl":{"start":{"line":44,"column":2},"end":{"line":44,"column":8}},"loc":{"start":{"line":47,"column":23},"end":{"line":51,"column":3}}},"5":{"name":"(anonymous_9)","decl":{"start":{"line":55,"column":2},"end":{"line":55,"column":8}},"loc":{"start":{"line":55,"column":67},"end":{"line":58,"column":3}}}},"branchMap":{"0":{"loc":{"start":{"line":46,"column":30},"end":{"line":46,"column":null}},"type":"cond-expr","locations":[{"start":{"line":46,"column":46},"end":{"line":46,"column":null}},{"start":{"line":46,"column":46},"end":{"line":46,"column":null}}]},"1":{"loc":{"start":{"line":46,"column":30},"end":{"line":46,"column":46}},"type":"binary-expr","locations":[{"start":{"line":46,"column":30},"end":{"line":46,"column":null}},{"start":{"line":46,"column":30},"end":{"line":46,"column":46}}]},"2":{"loc":{"start":{"line":25,"column":47},"end":{"line":25,"column":64}},"type":"cond-expr","locations":[{"start":{"line":25,"column":61},"end":{"line":25,"column":64}},{"start":{"line":25,"column":61},"end":{"line":25,"column":64}}]},"3":{"loc":{"start":{"line":25,"column":47},"end":{"line":25,"column":61}},"type":"binary-expr","locations":[{"start":{"line":25,"column":47},"end":{"line":25,"column":64}},{"start":{"line":25,"column":47},"end":{"line":25,"column":61}}]}},"s":{"0":1,"1":1,"2":1,"3":1,"4":1,"5":1,"6":6,"7":1,"8":1,"9":1,"10":1,"11":1,"12":1,"13":1,"14":1,"15":1,"16":1,"17":1,"18":1,"19":1,"20":1,"21":1},"f":{"0":6,"1":1,"2":1,"3":1,"4":1,"5":1},"b":{"0":[1,0],"1":[1,1],"2":[1,0],"3":[1,1]}}
,"C:\\Users\\Joao Marrocos\\Desktop\\api-restful-vlab\\biblioteca-api\\backend\\src\\usuario\\usuario.module.ts": {"path":"C:\\Users\\Joao Marrocos\\Desktop\\api-restful-vlab\\biblioteca-api\\backend\\src\\usuario\\usuario.module.ts","statementMap":{"0":{"start":{"line":1,"column":0},"end":{"line":1,"column":40}},"1":{"start":{"line":2,"column":0},"end":{"line":2,"column":51}},"2":{"start":{"line":3,"column":0},"end":{"line":3,"column":57}},"3":{"start":{"line":4,"column":0},"end":{"line":4,"column":48}},"4":{"start":{"line":5,"column":0},"end":{"line":5,"column":52}},"5":{"start":{"line":15,"column":7},"end":{"line":15,"column":null}},"6":{"start":{"line":15,"column":13},"end":{"line":15,"column":26}},"7":{"start":{"line":15,"column":13},"end":{"line":15,"column":null}}},"fnMap":{},"branchMap":{},"s":{"0":0,"1":0,"2":0,"3":0,"4":0,"5":0,"6":0,"7":0},"f":{},"b":{}}
,"C:\\Users\\Joao Marrocos\\Desktop\\api-restful-vlab\\biblioteca-api\\backend\\src\\usuario\\usuario.service.ts": {"path":"C:\\Users\\Joao Marrocos\\Desktop\\api-restful-vlab\\biblioteca-api\\backend\\src\\usuario\\usuario.service.ts","statementMap":{"0":{"start":{"line":1,"column":0},"end":{"line":1,"column":null}},"1":{"start":{"line":9,"column":0},"end":{"line":9,"column":51}},"2":{"start":{"line":10,"column":0},"end":{"line":10,"column":52}},"3":{"start":{"line":11,"column":0},"end":{"line":11,"column":37}},"4":{"start":{"line":12,"column":0},"end":{"line":12,"column":33}},"5":{"start":{"line":15,"column":7},"end":{"line":94,"column":null}},"6":{"start":{"line":18,"column":21},"end":{"line":18,"column":40}},"7":{"start":{"line":22,"column":4},"end":{"line":27,"column":5}},"8":{"start":{"line":23,"column":6},"end":{"line":26,"column":9}},"9":{"start":{"line":24,"column":8},"end":{"line":24,"column":45}},"10":{"start":{"line":25,"column":8},"end":{"line":25,"column":17}},"11":{"start":{"line":28,"column":4},"end":{"line":28,"column":47}},"12":{"start":{"line":29,"column":4},"end":{"line":29,"column":19}},"13":{"start":{"line":33,"column":29},"end":{"line":33,"column":78}},"14":{"start":{"line":34,"column":4},"end":{"line":36,"column":5}},"15":{"start":{"line":35,"column":6},"end":{"line":35,"column":65}},"16":{"start":{"line":38,"column":24},"end":{"line":38,"column":71}},"17":{"start":{"line":39,"column":25},"end":{"line":39,"column":71}},"18":{"start":{"line":41,"column":4},"end":{"line":41,"column":54}},"19":{"start":{"line":45,"column":4},"end":{"line":45,"column":55}},"20":{"start":{"line":49,"column":21},"end":{"line":51,"column":6}},"21":{"start":{"line":52,"column":4},"end":{"line":52,"column":20}},"22":{"start":{"line":56,"column":20},"end":{"line":56,"column":78}},"23":{"start":{"line":57,"column":4},"end":{"line":59,"column":5}},"24":{"start":{"line":58,"column":6},"end":{"line":58,"column":74}},"25":{"start":{"line":60,"column":4},"end":{"line":60,"column":49}},"26":{"start":{"line":68,"column":4},"end":{"line":72,"column":5}},"27":{"start":{"line":69,"column":6},"end":{"line":71,"column":8}},"28":{"start":{"line":74,"column":4},"end":{"line":76,"column":5}},"29":{"start":{"line":75,"column":6},"end":{"line":75,"column":51}},"30":{"start":{"line":78,"column":4},"end":{"line":78,"column":49}},"31":{"start":{"line":80,"column":4},"end":{"line":80,"column":28}},"32":{"start":{"line":84,"column":4},"end":{"line":88,"column":5}},"33":{"start":{"line":85,"column":6},"end":{"line":87,"column":8}},"34":{"start":{"line":90,"column":20},"end":{"line":90,"column":42}},"35":{"start":{"line":92,"column":4},"end":{"line":92,"column":49}},"36":{"start":{"line":15,"column":13},"end":{"line":15,"column":27}},"37":{"start":{"line":15,"column":13},"end":{"line":94,"column":null}}},"fnMap":{"0":{"name":"(anonymous_13)","decl":{"start":{"line":16,"column":2},"end":{"line":16,"column":null}},"loc":{"start":{"line":18,"column":59},"end":{"line":19,"column":6}}},"1":{"name":"(anonymous_14)","decl":{"start":{"line":21,"column":10},"end":{"line":21,"column":22}},"loc":{"start":{"line":21,"column":51},"end":{"line":30,"column":3}}},"2":{"name":"(anonymous_15)","decl":{"start":{"line":23,"column":25},"end":{"line":23,"column":26}},"loc":{"start":{"line":23,"column":31},"end":{"line":26,"column":7}}},"3":{"name":"(anonymous_16)","decl":{"start":{"line":32,"column":2},"end":{"line":32,"column":7}},"loc":{"start":{"line":32,"column":49},"end":{"line":42,"column":3}}},"4":{"name":"(anonymous_17)","decl":{"start":{"line":44,"column":2},"end":{"line":44,"column":7}},"loc":{"start":{"line":44,"column":36},"end":{"line":46,"column":3}}},"5":{"name":"(anonymous_18)","decl":{"start":{"line":48,"column":2},"end":{"line":48,"column":7}},"loc":{"start":{"line":48,"column":15},"end":{"line":53,"column":3}}},"6":{"name":"(anonymous_19)","decl":{"start":{"line":55,"column":2},"end":{"line":55,"column":7}},"loc":{"start":{"line":55,"column":26},"end":{"line":61,"column":3}}},"7":{"name":"(anonymous_20)","decl":{"start":{"line":63,"column":2},"end":{"line":63,"column":7}},"loc":{"start":{"line":66,"column":26},"end":{"line":81,"column":3}}},"8":{"name":"(anonymous_21)","decl":{"start":{"line":83,"column":2},"end":{"line":83,"column":7}},"loc":{"start":{"line":83,"column":49},"end":{"line":93,"column":3}}}},"branchMap":{"0":{"loc":{"start":{"line":22,"column":4},"end":{"line":27,"column":5}},"type":"if","locations":[{"start":{"line":22,"column":4},"end":{"line":27,"column":5}},{"start":{},"end":{}}]},"1":{"loc":{"start":{"line":34,"column":4},"end":{"line":36,"column":5}},"type":"if","locations":[{"start":{"line":34,"column":4},"end":{"line":36,"column":5}},{"start":{},"end":{}}]},"2":{"loc":{"start":{"line":57,"column":4},"end":{"line":59,"column":5}},"type":"if","locations":[{"start":{"line":57,"column":4},"end":{"line":59,"column":5}},{"start":{},"end":{}}]},"3":{"loc":{"start":{"line":68,"column":4},"end":{"line":72,"column":5}},"type":"if","locations":[{"start":{"line":68,"column":4},"end":{"line":72,"column":5}},{"start":{},"end":{}}]},"4":{"loc":{"start":{"line":74,"column":4},"end":{"line":76,"column":5}},"type":"if","locations":[{"start":{"line":74,"column":4},"end":{"line":76,"column":5}},{"start":{},"end":{}}]},"5":{"loc":{"start":{"line":84,"column":4},"end":{"line":88,"column":5}},"type":"if","locations":[{"start":{"line":84,"column":4},"end":{"line":88,"column":5}},{"start":{},"end":{}}]},"6":{"loc":{"start":{"line":18,"column":40},"end":{"line":18,"column":59}},"type":"cond-expr","locations":[{"start":{"line":18,"column":50},"end":{"line":18,"column":59}},{"start":{"line":18,"column":50},"end":{"line":18,"column":59}}]},"7":{"loc":{"start":{"line":18,"column":40},"end":{"line":18,"column":50}},"type":"binary-expr","locations":[{"start":{"line":18,"column":40},"end":{"line":18,"column":59}},{"start":{"line":18,"column":40},"end":{"line":18,"column":50}}]}},"s":{"0":5,"1":5,"2":5,"3":5,"4":5,"5":5,"6":12,"7":5,"8":0,"9":0,"10":0,"11":5,"12":5,"13":2,"14":2,"15":1,"16":1,"17":1,"18":1,"19":3,"20":0,"21":0,"22":6,"23":6,"24":2,"25":4,"26":3,"27":1,"28":2,"29":1,"30":2,"31":2,"32":3,"33":1,"34":2,"35":1,"36":5,"37":5},"f":{"0":12,"1":5,"2":0,"3":2,"4":3,"5":0,"6":6,"7":3,"8":3},"b":{"0":[0,5],"1":[1,1],"2":[2,4],"3":[1,2],"4":[1,1],"5":[1,2],"6":[5,0],"7":[5,5]}}
,"C:\\Users\\Joao Marrocos\\Desktop\\api-restful-vlab\\biblioteca-api\\backend\\src\\usuario\\dto\\create-usuario.dto.ts": {"path":"C:\\Users\\Joao Marrocos\\Desktop\\api-restful-vlab\\biblioteca-api\\backend\\src\\usuario\\dto\\create-usuario.dto.ts","statementMap":{"0":{"start":{"line":1,"column":0},"end":{"line":1,"column":75}},"1":{"start":{"line":3,"column":0},"end":{"line":3,"column":13}},"2":{"start":{"line":6,"column":2},"end":{"line":6,"column":null}},"3":{"start":{"line":11,"column":2},"end":{"line":11,"column":null}}},"fnMap":{},"branchMap":{},"s":{"0":2,"1":2,"2":2,"3":2},"f":{},"b":{}}
,"C:\\Users\\Joao Marrocos\\Desktop\\api-restful-vlab\\biblioteca-api\\backend\\src\\usuario\\dto\\update-usuario.dto.ts": {"path":"C:\\Users\\Joao Marrocos\\Desktop\\api-restful-vlab\\biblioteca-api\\backend\\src\\usuario\\dto\\update-usuario.dto.ts","statementMap":{"0":{"start":{"line":1,"column":0},"end":{"line":1,"column":46}},"1":{"start":{"line":2,"column":0},"end":{"line":2,"column":56}},"2":{"start":{"line":4,"column":0},"end":{"line":4,"column":13}}},"fnMap":{},"branchMap":{},"s":{"0":1,"1":1,"2":1},"f":{},"b":{}}
,"C:\\Users\\Joao Marrocos\\Desktop\\api-restful-vlab\\biblioteca-api\\backend\\src\\usuario\\entities\\usuario.entity.ts": {"path":"C:\\Users\\Joao Marrocos\\Desktop\\api-restful-vlab\\biblioteca-api\\backend\\src\\usuario\\entities\\usuario.entity.ts","statementMap":{"0":{"start":{"line":1,"column":0},"end":{"line":1,"column":null}},"1":{"start":{"line":8,"column":0},"end":{"line":8,"column":33}},"2":{"start":{"line":9,"column":0},"end":{"line":9,"column":67}},"3":{"start":{"line":12,"column":7},"end":{"line":33,"column":null}},"4":{"start":{"line":27,"column":4},"end":{"line":27,"column":51}},"5":{"start":{"line":31,"column":4},"end":{"line":31,"column":53}},"6":{"start":{"line":12,"column":13},"end":{"line":12,"column":20}},"7":{"start":{"line":14,"column":2},"end":{"line":14,"column":null}},"8":{"start":{"line":17,"column":2},"end":{"line":17,"column":null}},"9":{"start":{"line":20,"column":2},"end":{"line":20,"column":null}},"10":{"start":{"line":23,"column":2},"end":{"line":23,"column":null}},"11":{"start":{"line":22,"column":19},"end":{"line":22,"column":27}},"12":{"start":{"line":22,"column":43},"end":{"line":22,"column":67}},"13":{"start":{"line":26,"column":8},"end":{"line":28,"column":null}},"14":{"start":{"line":12,"column":13},"end":{"line":33,"column":null}}},"fnMap":{"0":{"name":"(anonymous_11)","decl":{"start":{"line":26,"column":8},"end":{"line":26,"column":20}},"loc":{"start":{"line":26,"column":20},"end":{"line":28,"column":3}}},"1":{"name":"(anonymous_12)","decl":{"start":{"line":30,"column":2},"end":{"line":30,"column":7}},"loc":{"start":{"line":30,"column":46},"end":{"line":32,"column":3}}},"2":{"name":"(anonymous_13)","decl":{"start":{"line":22,"column":13},"end":{"line":22,"column":16}},"loc":{"start":{"line":22,"column":19},"end":{"line":22,"column":27}}},"3":{"name":"(anonymous_14)","decl":{"start":{"line":22,"column":29},"end":{"line":22,"column":30}},"loc":{"start":{"line":22,"column":43},"end":{"line":22,"column":67}}}},"branchMap":{},"s":{"0":10,"1":10,"2":10,"3":10,"4":0,"5":2,"6":10,"7":10,"8":10,"9":10,"10":10,"11":0,"12":0,"13":10,"14":10},"f":{"0":0,"1":2,"2":0,"3":0},"b":{}}
}
