TN:
SF:src\app.controller.ts
FN:6,(anonymous_2)
FN:9,(anonymous_3)
FNF:2
FNH:2
FNDA:1,(anonymous_2)
FNDA:1,(anonymous_3)
DA:1,1
DA:2,1
DA:5,1
DA:6,1
DA:9,1
DA:10,1
LF:6
LH:6
BRDA:6,0,0,1
BRDA:6,0,1,0
BRDA:6,1,0,1
BRDA:6,1,1,1
BRF:4
BRH:3
end_of_record
TN:
SF:src\app.module.ts
FN:21,(anonymous_1)
FNF:1
FNH:0
FNDA:0,(anonymous_1)
DA:1,0
DA:2,0
DA:3,0
DA:4,0
DA:5,0
DA:6,0
DA:7,0
DA:8,0
DA:9,0
DA:10,0
DA:21,0
DA:47,0
LF:12
LH:0
BRF:0
BRH:0
end_of_record
TN:
SF:src\app.service.ts
FN:5,(anonymous_1)
FNF:1
FNH:1
FNDA:1,(anonymous_1)
DA:1,1
DA:4,1
DA:6,1
LF:3
LH:3
BRF:0
BRH:0
end_of_record
TN:
SF:src\main.ts
FN:6,bootstrap
FNF:1
FNH:0
FNDA:0,bootstrap
DA:1,0
DA:2,0
DA:3,0
DA:4,0
DA:7,0
DA:9,0
DA:11,0
DA:19,0
DA:25,0
DA:27,0
DA:29,0
DA:31,0
LF:12
LH:0
BRF:0
BRH:0
end_of_record
TN:
SF:src\auth\auth.controller.ts
FN:8,(anonymous_4)
FN:12,(anonymous_5)
FN:18,(anonymous_6)
FNF:3
FNH:3
FNDA:3,(anonymous_4)
FNDA:1,(anonymous_5)
FNDA:1,(anonymous_6)
DA:1,1
DA:2,1
DA:3,1
DA:4,1
DA:7,1
DA:8,3
DA:12,1
DA:13,1
DA:18,1
DA:19,1
LF:10
LH:10
BRDA:12,0,0,1
BRDA:12,0,1,0
BRDA:12,1,0,1
BRDA:12,1,1,1
BRDA:18,2,0,1
BRDA:18,2,1,0
BRDA:18,3,0,1
BRDA:18,3,1,1
BRDA:8,4,0,1
BRDA:8,4,1,0
BRDA:8,5,0,1
BRDA:8,5,1,1
BRF:12
BRH:9
end_of_record
TN:
SF:src\auth\auth.module.ts
FN:17,(anonymous_1)
FNF:1
FNH:0
FNDA:0,(anonymous_1)
DA:1,0
DA:2,0
DA:3,0
DA:4,0
DA:5,0
DA:6,0
DA:7,0
DA:8,0
DA:18,0
DA:19,0
DA:20,0
DA:35,0
LF:12
LH:0
BRF:0
BRH:0
end_of_record
TN:
SF:src\auth\auth.service.ts
FN:14,(anonymous_2)
FN:19,(anonymous_3)
FN:32,(anonymous_4)
FNF:3
FNH:3
FNDA:6,(anonymous_2)
FNDA:2,(anonymous_3)
FNDA:3,(anonymous_4)
DA:1,2
DA:6,2
DA:7,2
DA:13,2
DA:15,6
DA:16,6
DA:20,2
DA:21,2
DA:22,1
DA:23,1
DA:25,1
DA:26,1
DA:28,0
DA:33,3
DA:35,3
DA:36,1
DA:39,2
DA:41,2
DA:42,1
DA:45,1
DA:50,1
LF:21
LH:20
BRDA:25,0,0,1
BRDA:25,0,1,0
BRDA:35,1,0,1
BRDA:35,1,1,2
BRDA:41,2,0,1
BRDA:41,2,1,1
BRDA:15,3,0,2
BRDA:15,3,1,0
BRDA:15,4,0,2
BRDA:15,4,1,2
BRDA:15,5,0,2
BRDA:15,5,1,0
BRDA:15,6,0,2
BRDA:15,6,1,2
BRF:14
BRH:11
end_of_record
TN:
SF:src\auth\dto\login.dto.ts
FNF:0
FNH:0
DA:1,1
DA:3,1
DA:6,1
DA:10,1
LF:4
LH:4
BRF:0
BRH:0
end_of_record
TN:
SF:src\auth\strategy\jwt.strategy.ts
FN:10,(anonymous_2)
FN:23,(anonymous_3)
FNF:2
FNH:2
FNDA:3,(anonymous_2)
FNDA:2,(anonymous_3)
DA:1,1
DA:2,1
DA:3,1
DA:4,1
DA:5,1
DA:9,1
DA:11,3
DA:12,3
DA:14,3
DA:15,3
DA:16,3
DA:24,2
DA:26,2
DA:27,1
DA:30,1
DA:31,1
LF:16
LH:16
BRDA:26,0,0,1
BRDA:26,0,1,1
BRDA:11,1,0,1
BRDA:11,1,1,0
BRDA:11,2,0,1
BRDA:11,2,1,1
BRDA:11,3,0,1
BRDA:11,3,1,0
BRDA:11,4,0,1
BRDA:11,4,1,1
BRF:10
BRH:8
end_of_record
TN:
SF:src\autor\autor.controller.ts
FN:25,(anonymous_4)
FN:29,(anonymous_5)
FN:35,(anonymous_6)
FN:42,(anonymous_7)
FN:47,(anonymous_8)
FN:52,(anonymous_9)
FN:61,(anonymous_10)
FNF:7
FNH:7
FNDA:7,(anonymous_4)
FNDA:1,(anonymous_5)
FNDA:1,(anonymous_6)
FNDA:1,(anonymous_7)
FNDA:1,(anonymous_8)
FNDA:1,(anonymous_9)
FNDA:1,(anonymous_10)
DA:1,1
DA:14,1
DA:15,1
DA:16,1
DA:17,1
DA:18,1
DA:19,1
DA:24,1
DA:25,7
DA:29,1
DA:30,1
DA:35,1
DA:38,1
DA:42,1
DA:43,1
DA:47,1
DA:48,1
DA:52,1
DA:56,1
DA:61,1
DA:62,1
LF:21
LH:21
BRDA:29,0,0,1
BRDA:29,0,1,0
BRDA:29,1,0,1
BRDA:29,1,1,1
BRDA:36,2,0,1
BRDA:36,2,1,0
BRDA:36,3,0,1
BRDA:36,3,1,1
BRDA:54,4,0,1
BRDA:54,4,1,0
BRDA:54,5,0,1
BRDA:54,5,1,1
BRDA:25,6,0,1
BRDA:25,6,1,0
BRDA:25,7,0,1
BRDA:25,7,1,1
BRF:16
BRH:12
end_of_record
TN:
SF:src\autor\autor.module.ts
FNF:0
FNH:0
DA:1,0
DA:2,0
DA:3,0
DA:4,0
DA:6,0
DA:11,0
DA:24,0
LF:7
LH:0
BRF:0
BRH:0
end_of_record
TN:
SF:src\autor\autor.resolver.ts
FN:8,(anonymous_2)
FN:11,(anonymous_3)
FN:10,(anonymous_4)
FN:6,(anonymous_5)
FNF:4
FNH:3
FNDA:2,(anonymous_2)
FNDA:1,(anonymous_3)
FNDA:0,(anonymous_4)
FNDA:2,(anonymous_5)
DA:1,1
DA:2,1
DA:3,1
DA:6,2
DA:7,1
DA:8,2
DA:10,0
DA:11,1
DA:12,1
LF:9
LH:8
BRDA:11,0,0,1
BRDA:11,0,1,0
BRDA:11,1,0,1
BRDA:11,1,1,1
BRDA:8,2,0,1
BRDA:8,2,1,0
BRDA:8,3,0,1
BRDA:8,3,1,1
BRF:8
BRH:6
end_of_record
TN:
SF:src\autor\autor.service.ts
FN:12,(anonymous_4)
FN:17,(anonymous_5)
FN:25,(anonymous_6)
FN:35,(anonymous_7)
FN:39,(anonymous_8)
FN:47,(anonymous_9)
FN:58,(anonymous_10)
FNF:7
FNH:7
FNDA:10,(anonymous_4)
FNDA:1,(anonymous_5)
FNDA:1,(anonymous_6)
FNDA:1,(anonymous_7)
FNDA:6,(anonymous_8)
FNDA:2,(anonymous_9)
FNDA:2,(anonymous_10)
DA:1,5
DA:2,5
DA:3,5
DA:4,5
DA:5,5
DA:11,5
DA:14,10
DA:18,1
DA:22,1
DA:28,1
DA:32,1
DA:36,1
DA:40,6
DA:41,6
DA:42,3
DA:44,3
DA:51,2
DA:53,1
DA:55,1
DA:59,2
DA:60,1
LF:21
LH:21
BRDA:41,0,0,3
BRDA:41,0,1,3
BRDA:14,1,0,5
BRDA:14,1,1,0
BRDA:14,2,0,5
BRDA:14,2,1,5
BRF:6
BRH:5
end_of_record
TN:
SF:src\autor\dto\create-autor-instituicao.dto.ts
FNF:0
FNH:0
DA:1,1
DA:3,1
DA:9,1
DA:14,1
LF:4
LH:4
BRF:0
BRH:0
end_of_record
TN:
SF:src\autor\dto\create-autor-pessoa.dto.ts
FNF:0
FNH:0
DA:1,1
DA:9,1
DA:15,1
DA:19,1
LF:4
LH:4
BRDA:19,0,0,1
BRDA:19,0,1,0
BRDA:19,1,0,1
BRDA:19,1,1,1
BRF:4
BRH:3
end_of_record
TN:
SF:src\autor\dto\update-autor.dto.ts
FNF:0
FNH:0
DA:1,1
DA:9,1
DA:13,1
DA:19,1
DA:25,1
LF:5
LH:5
BRDA:19,0,0,1
BRDA:19,0,1,0
BRDA:19,1,0,1
BRDA:19,1,1,1
BRF:4
BRH:3
end_of_record
TN:
SF:src\autor\entities\autor.entity.ts
FN:28,(anonymous_2)
FN:28,(anonymous_3)
FNF:2
FNH:0
FNDA:0,(anonymous_2)
FNDA:0,(anonymous_3)
DA:1,10
DA:9,10
DA:10,10
DA:17,10
DA:19,10
DA:26,10
DA:28,0
DA:29,10
DA:35,10
DA:40,10
DA:42,10
DA:47,10
DA:49,10
LF:13
LH:12
BRDA:35,0,0,0
BRDA:35,0,1,10
BRDA:35,1,0,10
BRDA:35,1,1,10
BRDA:42,2,0,10
BRDA:42,2,1,0
BRDA:42,3,0,10
BRDA:42,3,1,10
BRF:8
BRH:6
end_of_record
TN:
SF:src\autor\enums\autor-tipo.enum.ts
FN:1,(anonymous_0)
FNF:1
FNH:1
FNDA:10,(anonymous_0)
DA:1,10
DA:2,10
DA:3,10
LF:3
LH:3
BRDA:1,0,0,10
BRDA:1,0,1,10
BRF:2
BRH:2
end_of_record
TN:
SF:src\autor\graphql\autor.types.ts
FN:22,(anonymous_2)
FN:25,(anonymous_3)
FN:11,(anonymous_4)
FN:32,(anonymous_5)
FN:42,(anonymous_6)
FNF:5
FNH:0
FNDA:0,(anonymous_2)
FNDA:0,(anonymous_3)
FNDA:0,(anonymous_4)
FNDA:0,(anonymous_5)
FNDA:0,(anonymous_6)
DA:1,1
DA:8,1
DA:12,0
DA:13,0
DA:15,0
DA:16,0
DA:18,0
DA:21,1
DA:22,0
DA:23,1
DA:25,0
DA:26,1
DA:29,1
DA:32,0
DA:33,1
DA:39,1
DA:42,0
DA:43,1
DA:49,1
DA:52,1
DA:53,1
LF:21
LH:12
BRDA:26,0,0,0
BRDA:26,0,1,1
BRDA:26,1,0,1
BRDA:26,1,1,1
BRDA:12,2,0,0
BRDA:12,2,1,0
BRDA:15,3,0,0
BRDA:15,3,1,0
BRDA:39,4,0,1
BRDA:39,4,1,0
BRDA:39,5,0,1
BRDA:39,5,1,1
BRF:12
BRH:6
end_of_record
TN:
SF:src\material\material.controller.ts
FN:31,(anonymous_4)
FN:33,(anonymous_5)
FN:39,(anonymous_6)
FN:45,(anonymous_7)
FN:51,(anonymous_8)
FN:56,(anonymous_9)
FN:61,(anonymous_10)
FN:66,(anonymous_11)
FN:76,(anonymous_12)
FNF:9
FNH:9
FNDA:8,(anonymous_4)
FNDA:5,(anonymous_5)
FNDA:1,(anonymous_6)
FNDA:1,(anonymous_7)
FNDA:1,(anonymous_8)
FNDA:1,(anonymous_9)
FNDA:1,(anonymous_10)
FNDA:1,(anonymous_11)
FNDA:1,(anonymous_12)
DA:1,1
DA:16,1
DA:17,1
DA:20,1
DA:21,1
DA:22,1
DA:23,1
DA:24,1
DA:25,1
DA:30,1
DA:31,8
DA:34,5
DA:39,1
DA:40,1
DA:45,1
DA:46,1
DA:51,1
DA:52,1
DA:56,1
DA:57,1
DA:61,1
DA:62,1
DA:66,1
DA:71,1
DA:76,1
DA:77,1
LF:26
LH:26
BRDA:39,0,0,1
BRDA:39,0,1,0
BRDA:39,1,0,1
BRDA:39,1,1,1
BRDA:45,2,0,1
BRDA:45,2,1,0
BRDA:45,3,0,1
BRDA:45,3,1,1
BRDA:51,4,0,1
BRDA:51,4,1,0
BRDA:51,5,0,1
BRDA:51,5,1,1
BRDA:56,6,0,1
BRDA:56,6,1,0
BRDA:56,7,0,1
BRDA:56,7,1,1
BRDA:68,8,0,1
BRDA:68,8,1,0
BRDA:68,9,0,1
BRDA:68,9,1,1
BRDA:31,10,0,1
BRDA:31,10,1,0
BRDA:31,11,0,1
BRDA:31,11,1,1
BRF:24
BRH:18
end_of_record
TN:
SF:src\material\material.module.ts
FNF:0
FNH:0
DA:1,0
DA:2,0
DA:3,0
DA:4,0
DA:5,0
DA:6,0
DA:7,0
DA:18,0
LF:8
LH:0
BRF:0
BRH:0
end_of_record
TN:
SF:src\material\material.service.ts
FN:25,(anonymous_4)
FN:39,(anonymous_5)
FN:72,(anonymous_6)
FN:87,(anonymous_7)
FN:101,(anonymous_8)
FN:128,(anonymous_9)
FN:140,(anonymous_10)
FN:159,(anonymous_11)
FN:166,(anonymous_12)
FN:179,(anonymous_13)
FN:194,(anonymous_14)
FNF:11
FNH:11
FNDA:20,(anonymous_4)
FNDA:5,(anonymous_5)
FNDA:3,(anonymous_6)
FNDA:2,(anonymous_7)
FNDA:2,(anonymous_8)
FNDA:7,(anonymous_9)
FNDA:3,(anonymous_10)
FNDA:2,(anonymous_11)
FNDA:10,(anonymous_12)
FNDA:8,(anonymous_13)
FNDA:5,(anonymous_14)
DA:1,2
DA:9,2
DA:10,2
DA:11,2
DA:12,2
DA:13,2
DA:15,2
DA:16,2
DA:24,2
DA:27,20
DA:29,20
DA:31,20
DA:33,20
DA:34,20
DA:43,5
DA:45,3
DA:53,3
DA:54,2
DA:55,2
DA:56,2
DA:57,1
DA:59,1
DA:60,1
DA:61,1
DA:62,1
DA:65,1
DA:69,3
DA:76,3
DA:78,1
DA:84,1
DA:88,2
DA:90,1
DA:96,1
DA:102,2
DA:103,2
DA:105,2
DA:112,2
DA:113,1
DA:119,2
DA:120,2
DA:129,7
DA:133,7
DA:134,1
DA:136,6
DA:145,3
DA:146,3
DA:148,2
DA:149,1
DA:151,1
DA:152,0
DA:155,1
DA:156,1
DA:160,2
DA:161,2
DA:163,1
DA:170,10
DA:171,10
DA:173,3
DA:176,7
DA:180,8
DA:181,5
DA:182,5
DA:183,2
DA:186,6
DA:187,2
DA:188,2
DA:189,1
DA:195,5
DA:196,2
LF:69
LH:68
BRDA:53,0,0,2
BRDA:53,0,1,1
BRDA:53,1,0,3
BRDA:53,1,1,1
BRDA:59,2,0,1
BRDA:59,2,1,0
BRDA:60,3,0,1
BRDA:60,3,1,0
BRDA:61,4,0,1
BRDA:61,4,1,0
BRDA:102,5,0,1
BRDA:102,6,0,1
BRDA:112,7,0,1
BRDA:112,7,1,1
BRDA:133,8,0,1
BRDA:133,8,1,6
BRDA:148,9,0,1
BRDA:148,9,1,1
BRDA:148,10,0,2
BRDA:148,10,1,1
BRDA:151,11,0,0
BRDA:151,11,1,1
BRDA:151,12,0,1
BRDA:151,12,1,0
BRDA:168,13,0,2
BRDA:180,14,0,5
BRDA:180,14,1,3
BRDA:182,15,0,2
BRDA:182,15,1,3
BRDA:186,16,0,2
BRDA:186,16,1,4
BRDA:188,17,0,1
BRDA:188,17,1,1
BRDA:195,18,0,2
BRDA:195,18,1,3
BRDA:27,19,0,2
BRDA:27,19,1,0
BRDA:27,20,0,2
BRDA:27,20,1,2
BRDA:27,21,0,2
BRDA:27,21,1,0
BRDA:27,22,0,2
BRDA:27,22,1,2
BRDA:29,23,0,2
BRDA:29,23,1,0
BRDA:29,24,0,2
BRDA:29,24,1,2
BRDA:31,25,0,2
BRDA:31,25,1,0
BRDA:31,26,0,2
BRDA:31,26,1,2
BRDA:33,27,0,2
BRDA:33,27,1,0
BRDA:33,28,0,2
BRDA:33,28,1,2
BRF:55
BRH:45
end_of_record
TN:
SF:src\material\dto\base-material.dto.ts
FNF:0
FNH:0
DA:1,1
DA:11,1
DA:13,1
DA:17,1
DA:22,1
DA:28,1
DA:32,1
LF:7
LH:7
BRDA:28,0,0,0
BRDA:28,0,1,1
BRDA:28,1,0,1
BRDA:28,1,1,1
BRF:4
BRH:3
end_of_record
TN:
SF:src\material\dto\create-artigo.dto.ts
FNF:0
FNH:0
DA:1,1
DA:2,1
DA:4,1
DA:10,1
LF:4
LH:4
BRF:0
BRH:0
end_of_record
TN:
SF:src\material\dto\create-livro.dto.ts
FNF:0
FNH:0
DA:1,1
DA:9,1
DA:11,1
DA:15,1
DA:20,1
LF:5
LH:5
BRF:0
BRH:0
end_of_record
TN:
SF:src\material\dto\create-video.dto.ts
FNF:0
FNH:0
DA:1,1
DA:2,1
DA:4,1
DA:8,1
LF:4
LH:4
BRF:0
BRH:0
end_of_record
TN:
SF:src\material\dto\query-material.dto.ts
FN:10,(anonymous_2)
FN:16,(anonymous_3)
FNF:2
FNH:0
FNDA:0,(anonymous_2)
FNDA:0,(anonymous_3)
DA:1,1
DA:2,1
DA:4,1
DA:7,1
DA:10,0
DA:13,1
DA:16,0
DA:20,1
LF:8
LH:6
BRF:0
BRH:0
end_of_record
TN:
SF:src\material\dto\update-material.dto.ts
FNF:0
FNH:0
DA:1,1
DA:11,1
DA:14,1
DA:18,1
DA:23,1
DA:27,1
DA:31,1
DA:37,1
DA:42,1
DA:50,1
DA:56,1
LF:11
LH:11
BRDA:27,0,0,0
BRDA:27,0,1,1
BRDA:27,1,0,1
BRDA:27,1,1,1
BRF:4
BRH:3
end_of_record
TN:
SF:src\material\entities\material.entity.ts
FN:37,(anonymous_2)
FN:37,(anonymous_3)
FN:41,(anonymous_4)
FN:41,(anonymous_5)
FNF:4
FNH:0
FNDA:0,(anonymous_2)
FNDA:0,(anonymous_3)
FNDA:0,(anonymous_4)
FNDA:0,(anonymous_5)
DA:1,10
DA:10,10
DA:11,10
DA:12,10
DA:13,10
DA:20,10
DA:22,10
DA:25,10
DA:28,10
DA:35,10
DA:37,0
DA:39,10
DA:41,0
DA:43,10
DA:49,10
DA:54,10
DA:61,10
DA:64,10
DA:69,10
DA:75,10
DA:80,10
DA:82,10
LF:22
LH:20
BRDA:35,0,0,0
BRDA:35,0,1,10
BRDA:35,1,0,10
BRDA:35,1,1,10
BRDA:39,2,0,5
BRDA:39,2,1,5
BRDA:39,3,0,10
BRDA:39,3,1,5
BRDA:43,4,0,5
BRDA:43,4,1,5
BRDA:43,5,0,10
BRDA:43,5,1,5
BRDA:49,6,0,0
BRDA:49,6,1,10
BRDA:49,7,0,10
BRDA:49,7,1,10
BRF:16
BRH:14
end_of_record
TN:
SF:src\material\enums\material-status.enum.ts
FN:1,(anonymous_0)
FNF:1
FNH:1
FNDA:10,(anonymous_0)
DA:1,10
DA:2,10
DA:3,10
DA:4,10
LF:4
LH:4
BRDA:1,0,0,10
BRDA:1,0,1,10
BRF:2
BRH:2
end_of_record
TN:
SF:src\material\enums\material-tipo.enum.ts
FN:1,(anonymous_0)
FNF:1
FNH:1
FNDA:10,(anonymous_0)
DA:1,10
DA:2,10
DA:3,10
DA:4,10
LF:4
LH:4
BRDA:1,0,0,10
BRDA:1,0,1,10
BRF:2
BRH:2
end_of_record
TN:
SF:src\usuario\usuario.controller.ts
FN:25,(anonymous_4)
FN:28,(anonymous_5)
FN:33,(anonymous_6)
FN:39,(anonymous_7)
FN:44,(anonymous_8)
FN:55,(anonymous_9)
FNF:6
FNH:6
FNDA:6,(anonymous_4)
FNDA:1,(anonymous_5)
FNDA:1,(anonymous_6)
FNDA:1,(anonymous_7)
FNDA:1,(anonymous_8)
FNDA:1,(anonymous_9)
DA:1,1
DA:14,1
DA:15,1
DA:16,1
DA:19,1
DA:24,1
DA:25,6
DA:28,1
DA:29,1
DA:33,1
DA:34,1
DA:35,1
DA:39,1
DA:40,1
DA:44,1
DA:49,1
DA:50,1
DA:55,1
DA:56,1
DA:57,1
LF:20
LH:20
BRDA:46,0,0,1
BRDA:46,0,1,0
BRDA:46,1,0,1
BRDA:46,1,1,1
BRDA:25,2,0,1
BRDA:25,2,1,0
BRDA:25,3,0,1
BRDA:25,3,1,1
BRF:8
BRH:6
end_of_record
TN:
SF:src\usuario\usuario.module.ts
FNF:0
FNH:0
DA:1,0
DA:2,0
DA:3,0
DA:4,0
DA:5,0
DA:15,0
LF:6
LH:0
BRF:0
BRH:0
end_of_record
TN:
SF:src\usuario\usuario.service.ts
FN:16,(anonymous_13)
FN:21,(anonymous_14)
FN:23,(anonymous_15)
FN:32,(anonymous_16)
FN:44,(anonymous_17)
FN:48,(anonymous_18)
FN:55,(anonymous_19)
FN:63,(anonymous_20)
FN:83,(anonymous_21)
FNF:9
FNH:7
FNDA:12,(anonymous_13)
FNDA:5,(anonymous_14)
FNDA:0,(anonymous_15)
FNDA:2,(anonymous_16)
FNDA:3,(anonymous_17)
FNDA:0,(anonymous_18)
FNDA:6,(anonymous_19)
FNDA:3,(anonymous_20)
FNDA:3,(anonymous_21)
DA:1,5
DA:9,5
DA:10,5
DA:11,5
DA:12,5
DA:15,5
DA:18,12
DA:22,5
DA:23,0
DA:24,0
DA:25,0
DA:28,5
DA:29,5
DA:33,2
DA:34,2
DA:35,1
DA:38,1
DA:39,1
DA:41,1
DA:45,3
DA:49,0
DA:52,0
DA:56,6
DA:57,6
DA:58,2
DA:60,4
DA:68,3
DA:69,1
DA:74,2
DA:75,1
DA:78,2
DA:80,2
DA:84,3
DA:85,1
DA:90,2
DA:92,1
LF:36
LH:31
BRDA:22,0,0,0
BRDA:22,0,1,5
BRDA:34,1,0,1
BRDA:34,1,1,1
BRDA:57,2,0,2
BRDA:57,2,1,4
BRDA:68,3,0,1
BRDA:68,3,1,2
BRDA:74,4,0,1
BRDA:74,4,1,1
BRDA:84,5,0,1
BRDA:84,5,1,2
BRDA:18,6,0,5
BRDA:18,6,1,0
BRDA:18,7,0,5
BRDA:18,7,1,5
BRF:16
BRH:14
end_of_record
TN:
SF:src\usuario\dto\create-usuario.dto.ts
FNF:0
FNH:0
DA:1,2
DA:3,2
DA:6,2
DA:11,2
LF:4
LH:4
BRF:0
BRH:0
end_of_record
TN:
SF:src\usuario\dto\update-usuario.dto.ts
FNF:0
FNH:0
DA:1,1
DA:2,1
DA:4,1
LF:3
LH:3
BRF:0
BRH:0
end_of_record
TN:
SF:src\usuario\entities\usuario.entity.ts
FN:26,(anonymous_11)
FN:30,(anonymous_12)
FN:22,(anonymous_13)
FN:22,(anonymous_14)
FNF:4
FNH:1
FNDA:0,(anonymous_11)
FNDA:2,(anonymous_12)
FNDA:0,(anonymous_13)
FNDA:0,(anonymous_14)
DA:1,10
DA:8,10
DA:9,10
DA:12,10
DA:14,10
DA:17,10
DA:20,10
DA:22,0
DA:23,10
DA:26,10
DA:27,0
DA:31,2
LF:12
LH:10
BRF:0
BRH:0
end_of_record
